<?xml version="1.0" encoding="UTF-8"?>
<testsuite name="Verificar el ingreso correcto y realizar la orden de entrada" tests="1" skipped="0" failures="0" errors="0" timestamp="2023-03-01T21:15:47" hostname="LTBG60836" time="47.658">
  <properties/>
  <testcase name="verificar el ingreso correcto a la plataforma y realizar la orden de entrada" classname="Verificar el ingreso correcto y realizar la orden de entrada" time="47.658"/>
  <system-out><![CDATA[Numero de Ordenes Obtenida : 1
Nombre de Orden Obtenida : OE-172
]]></system-out>
  <system-err><![CDATA[[Test worker] WARN net.thucydides.core.steps.BaseStepListener - stepStarted: net.thucydides.core.steps.ExecutedStepDescription@332a7fce
[Test worker] WARN net.thucydides.core.steps.BaseStepListener - stepStarted: net.thucydides.core.steps.ExecutedStepDescription@5cdf39b2
[Test worker] WARN net.thucydides.core.steps.BaseStepListener - stepStarted: net.thucydides.core.steps.ExecutedStepDescription@76c52298
mar 01, 2023 4:15:48 PM org.openqa.selenium.remote.DesiredCapabilities chrome
INFORMACIÓN: Using `new ChromeOptions()` is preferred to `DesiredCapabilities.chrome()`
[Test worker] INFO net.serenitybdd.core.webdriver.driverproviders.ProvideNewDriver - Instantiating driver
[Test worker] INFO net.serenitybdd.core.webdriver.driverproviders.ProvideNewDriver - Driver capabilities: Capabilities {acceptInsecureCerts: false, acceptSslCerts: true, browserName: chrome, chrome.switches: --disable-extensions,--star..., goog:chromeOptions: {args: [--disable-extensions, --start-maximized, --test-type, --user-agent=New User Agent], extensions: [], prefs: {pdfjs.disabled: true, profile_default_content_settings.popups: 0}}, handlesAlerts: true, loggingPrefs: org.openqa.selenium.logging..., platform: ANY, version: }
Starting ChromeDriver 109.0.5414.74 (e7c5703604daa9cc128ccf5a5d3e993513758913-refs/branch-heads/5414@{#1172}) on port 6413
Only local connections are allowed.
Please see https://chromedriver.chromium.org/security-considerations for suggestions on keeping ChromeDriver safe.
ChromeDriver was started successfully.
[1677705352.429][WARNING]: This version of ChromeDriver has not been tested with Chrome version 110.
mar 01, 2023 4:15:52 PM org.openqa.selenium.remote.ProtocolHandshake createSession
INFORMACIÓN: Detected dialect: W3C
[Test worker] WARN net.thucydides.core.steps.BaseStepListener - stepFinished: current outcome:verificar el ingreso correcto a la plataforma y realizar la orden de entrada:Dado que jhon ingresa a la pagina smartstock [Jhon abrir pagina [Jhon opens the Login pagina]]
[Test worker] WARN net.thucydides.core.steps.BaseStepListener - stepStarted: net.thucydides.core.steps.ExecutedStepDescription@7b61bf11
[Test worker] WARN net.thucydides.core.steps.BaseStepListener - stepStarted: net.thucydides.core.steps.ExecutedStepDescription@6968c1d6
[Test worker] WARN net.thucydides.core.steps.BaseStepListener - stepFinished: current outcome:verificar el ingreso correcto a la plataforma y realizar la orden de entrada:Dado que jhon ingresa a la pagina smartstock [Jhon abrir pagina [Jhon opens the Login pagina, Jhon login [Jhon enters 'Administrador' into Ingresar Usuario]]]
[Test worker] WARN net.thucydides.core.steps.BaseStepListener - stepStarted: net.thucydides.core.steps.ExecutedStepDescription@41fa769c
[Test worker] WARN net.thucydides.core.steps.BaseStepListener - stepFinished: current outcome:verificar el ingreso correcto a la plataforma y realizar la orden de entrada:Dado que jhon ingresa a la pagina smartstock [Jhon abrir pagina [Jhon opens the Login pagina, Jhon login [Jhon enters 'Administrador' into Ingresar Usuario, Jhon enters 'Demo123*' into Ingresar Password]]]
[Test worker] WARN net.thucydides.core.steps.BaseStepListener - stepStarted: net.thucydides.core.steps.ExecutedStepDescription@626c19cf
[Test worker] WARN net.thucydides.core.steps.BaseStepListener - stepFinished: current outcome:verificar el ingreso correcto a la plataforma y realizar la orden de entrada:Dado que jhon ingresa a la pagina smartstock [Jhon abrir pagina [Jhon opens the Login pagina, Jhon login [Jhon enters 'Administrador' into Ingresar Usuario, Jhon enters 'Demo123*' into Ingresar Password, Jhon clicks on Click Login]]]
[Test worker] WARN net.thucydides.core.steps.BaseStepListener - stepFinished: current outcome:verificar el ingreso correcto a la plataforma y realizar la orden de entrada:Dado que jhon ingresa a la pagina smartstock [Jhon abrir pagina [Jhon opens the Login pagina, Jhon login [Jhon enters 'Administrador' into Ingresar Usuario, Jhon enters 'Demo123*' into Ingresar Password, Jhon clicks on Click Login]]]
[Test worker] WARN net.thucydides.core.steps.BaseStepListener - stepFinished: current outcome:verificar el ingreso correcto a la plataforma y realizar la orden de entrada:Dado que jhon ingresa a la pagina smartstock [Jhon abrir pagina [Jhon opens the Login pagina, Jhon login [Jhon enters 'Administrador' into Ingresar Usuario, Jhon enters 'Demo123*' into Ingresar Password, Jhon clicks on Click Login]]]
[Test worker] WARN net.thucydides.core.steps.BaseStepListener - stepFinished: current outcome:verificar el ingreso correcto a la plataforma y realizar la orden de entrada:Dado que jhon ingresa a la pagina smartstock [Jhon abrir pagina [Jhon opens the Login pagina, Jhon login [Jhon enters 'Administrador' into Ingresar Usuario, Jhon enters 'Demo123*' into Ingresar Password, Jhon clicks on Click Login]]]
[Test worker] WARN net.thucydides.core.steps.BaseStepListener - stepStarted: net.thucydides.core.steps.ExecutedStepDescription@77c3c037
[Test worker] WARN net.thucydides.core.steps.BaseStepListener - stepStarted: net.thucydides.core.steps.ExecutedStepDescription@106b014e
[Test worker] WARN net.thucydides.core.steps.BaseStepListener - stepStarted: net.thucydides.core.steps.ExecutedStepDescription@839df62
[Test worker] WARN net.thucydides.core.steps.BaseStepListener - stepFinished: current outcome:verificar el ingreso correcto a la plataforma y realizar la orden de entrada:Dado que jhon ingresa a la pagina smartstock [Jhon abrir pagina [Jhon opens the Login pagina, Jhon login [Jhon enters 'Administrador' into Ingresar Usuario, Jhon enters 'Demo123*' into Ingresar Password, Jhon clicks on Click Login]]], Cuando realiza la orden de entrada [Jhon orden entrada [Jhon clicks on Boton de ordenes]]
[Test worker] WARN net.thucydides.core.steps.BaseStepListener - stepStarted: net.thucydides.core.steps.ExecutedStepDescription@7a687d8d
[Test worker] WARN net.thucydides.core.steps.BaseStepListener - stepFinished: current outcome:verificar el ingreso correcto a la plataforma y realizar la orden de entrada:Dado que jhon ingresa a la pagina smartstock [Jhon abrir pagina [Jhon opens the Login pagina, Jhon login [Jhon enters 'Administrador' into Ingresar Usuario, Jhon enters 'Demo123*' into Ingresar Password, Jhon clicks on Click Login]]], Cuando realiza la orden de entrada [Jhon orden entrada [Jhon clicks on Boton de ordenes, Jhon clicks on Boton orden de entrada]]
[Test worker] WARN net.thucydides.core.steps.BaseStepListener - stepStarted: net.thucydides.core.steps.ExecutedStepDescription@33f2cfda
[Test worker] WARN net.thucydides.core.steps.BaseStepListener - stepFinished: current outcome:verificar el ingreso correcto a la plataforma y realizar la orden de entrada:Dado que jhon ingresa a la pagina smartstock [Jhon abrir pagina [Jhon opens the Login pagina, Jhon login [Jhon enters 'Administrador' into Ingresar Usuario, Jhon enters 'Demo123*' into Ingresar Password, Jhon clicks on Click Login]]], Cuando realiza la orden de entrada [Jhon orden entrada [Jhon clicks on Boton de ordenes, Jhon clicks on Boton orden de entrada, Then BOTON DE AGREGAR ORDEN DE ENTRADA should be an element that is visible]]
[Test worker] WARN net.thucydides.core.steps.BaseStepListener - stepStarted: net.thucydides.core.steps.ExecutedStepDescription@62aeddc8
[Test worker] WARN net.thucydides.core.steps.BaseStepListener - stepFinished: current outcome:verificar el ingreso correcto a la plataforma y realizar la orden de entrada:Dado que jhon ingresa a la pagina smartstock [Jhon abrir pagina [Jhon opens the Login pagina, Jhon login [Jhon enters 'Administrador' into Ingresar Usuario, Jhon enters 'Demo123*' into Ingresar Password, Jhon clicks on Click Login]]], Cuando realiza la orden de entrada [Jhon orden entrada [Jhon clicks on Boton de ordenes, Jhon clicks on Boton orden de entrada, Then BOTON DE AGREGAR ORDEN DE ENTRADA should be an element that is visible, Jhon clicks on BOTON DE AGREGAR ORDEN DE ENTRADA]]
[Test worker] WARN net.thucydides.core.steps.BaseStepListener - stepStarted: net.thucydides.core.steps.ExecutedStepDescription@2ed9f6f8
[Test worker] WARN net.thucydides.core.steps.BaseStepListener - stepFinished: current outcome:verificar el ingreso correcto a la plataforma y realizar la orden de entrada:Dado que jhon ingresa a la pagina smartstock [Jhon abrir pagina [Jhon opens the Login pagina, Jhon login [Jhon enters 'Administrador' into Ingresar Usuario, Jhon enters 'Demo123*' into Ingresar Password, Jhon clicks on Click Login]]], Cuando realiza la orden de entrada [Jhon orden entrada [Jhon clicks on Boton de ordenes, Jhon clicks on Boton orden de entrada, Then BOTON DE AGREGAR ORDEN DE ENTRADA should be an element that is visible, Jhon clicks on BOTON DE AGREGAR ORDEN DE ENTRADA, Jhon clicks on Campo de bodega Destino]]
[Test worker] WARN net.thucydides.core.steps.BaseStepListener - stepStarted: net.thucydides.core.steps.ExecutedStepDescription@459003a0
[Test worker] WARN net.thucydides.core.steps.BaseStepListener - stepStarted: net.thucydides.core.steps.ExecutedStepDescription@1d4f5506
[Test worker] WARN net.thucydides.core.steps.BaseStepListener - stepFinished: current outcome:verificar el ingreso correcto a la plataforma y realizar la orden de entrada:Dado que jhon ingresa a la pagina smartstock [Jhon abrir pagina [Jhon opens the Login pagina, Jhon login [Jhon enters 'Administrador' into Ingresar Usuario, Jhon enters 'Demo123*' into Ingresar Password, Jhon clicks on Click Login]]], Cuando realiza la orden de entrada [Jhon orden entrada [Jhon clicks on Boton de ordenes, Jhon clicks on Boton orden de entrada, Then BOTON DE AGREGAR ORDEN DE ENTRADA should be an element that is visible, Jhon clicks on BOTON DE AGREGAR ORDEN DE ENTRADA, Jhon clicks on Campo de bodega Destino, Jhon seleccion bodega [Jhon clicks on Bodega 2]]]
[Test worker] WARN net.thucydides.core.steps.BaseStepListener - stepFinished: current outcome:verificar el ingreso correcto a la plataforma y realizar la orden de entrada:Dado que jhon ingresa a la pagina smartstock [Jhon abrir pagina [Jhon opens the Login pagina, Jhon login [Jhon enters 'Administrador' into Ingresar Usuario, Jhon enters 'Demo123*' into Ingresar Password, Jhon clicks on Click Login]]], Cuando realiza la orden de entrada [Jhon orden entrada [Jhon clicks on Boton de ordenes, Jhon clicks on Boton orden de entrada, Then BOTON DE AGREGAR ORDEN DE ENTRADA should be an element that is visible, Jhon clicks on BOTON DE AGREGAR ORDEN DE ENTRADA, Jhon clicks on Campo de bodega Destino, Jhon seleccion bodega [Jhon clicks on Bodega 2]]]
[Test worker] WARN net.thucydides.core.steps.BaseStepListener - stepStarted: net.thucydides.core.steps.ExecutedStepDescription@7fbd3e75
[Test worker] WARN net.thucydides.core.steps.BaseStepListener - stepFinished: current outcome:verificar el ingreso correcto a la plataforma y realizar la orden de entrada:Dado que jhon ingresa a la pagina smartstock [Jhon abrir pagina [Jhon opens the Login pagina, Jhon login [Jhon enters 'Administrador' into Ingresar Usuario, Jhon enters 'Demo123*' into Ingresar Password, Jhon clicks on Click Login]]], Cuando realiza la orden de entrada [Jhon orden entrada [Jhon clicks on Boton de ordenes, Jhon clicks on Boton orden de entrada, Then BOTON DE AGREGAR ORDEN DE ENTRADA should be an element that is visible, Jhon clicks on BOTON DE AGREGAR ORDEN DE ENTRADA, Jhon clicks on Campo de bodega Destino, Jhon seleccion bodega [Jhon clicks on Bodega 2], Jhon clicks on Tipo de documento]]
[Test worker] WARN net.thucydides.core.steps.BaseStepListener - stepStarted: net.thucydides.core.steps.ExecutedStepDescription@4a058df8
[Test worker] WARN net.thucydides.core.steps.BaseStepListener - stepFinished: current outcome:verificar el ingreso correcto a la plataforma y realizar la orden de entrada:Dado que jhon ingresa a la pagina smartstock [Jhon abrir pagina [Jhon opens the Login pagina, Jhon login [Jhon enters 'Administrador' into Ingresar Usuario, Jhon enters 'Demo123*' into Ingresar Password, Jhon clicks on Click Login]]], Cuando realiza la orden de entrada [Jhon orden entrada [Jhon clicks on Boton de ordenes, Jhon clicks on Boton orden de entrada, Then BOTON DE AGREGAR ORDEN DE ENTRADA should be an element that is visible, Jhon clicks on BOTON DE AGREGAR ORDEN DE ENTRADA, Jhon clicks on Campo de bodega Destino, Jhon seleccion bodega [Jhon clicks on Bodega 2], Jhon clicks on Tipo de documento, Jhon clicks on Documento]]
[Test worker] WARN net.thucydides.core.steps.BaseStepListener - stepStarted: net.thucydides.core.steps.ExecutedStepDescription@31acfd4e
[Test worker] WARN net.thucydides.core.steps.BaseStepListener - stepFinished: current outcome:verificar el ingreso correcto a la plataforma y realizar la orden de entrada:Dado que jhon ingresa a la pagina smartstock [Jhon abrir pagina [Jhon opens the Login pagina, Jhon login [Jhon enters 'Administrador' into Ingresar Usuario, Jhon enters 'Demo123*' into Ingresar Password, Jhon clicks on Click Login]]], Cuando realiza la orden de entrada [Jhon orden entrada [Jhon clicks on Boton de ordenes, Jhon clicks on Boton orden de entrada, Then BOTON DE AGREGAR ORDEN DE ENTRADA should be an element that is visible, Jhon clicks on BOTON DE AGREGAR ORDEN DE ENTRADA, Jhon clicks on Campo de bodega Destino, Jhon seleccion bodega [Jhon clicks on Bodega 2], Jhon clicks on Tipo de documento, Jhon clicks on Documento, Jhon clicks on Tipo de proveedor]]
[Test worker] WARN net.thucydides.core.steps.BaseStepListener - stepStarted: net.thucydides.core.steps.ExecutedStepDescription@4971f459
[Test worker] WARN net.thucydides.core.steps.BaseStepListener - stepFinished: current outcome:verificar el ingreso correcto a la plataforma y realizar la orden de entrada:Dado que jhon ingresa a la pagina smartstock [Jhon abrir pagina [Jhon opens the Login pagina, Jhon login [Jhon enters 'Administrador' into Ingresar Usuario, Jhon enters 'Demo123*' into Ingresar Password, Jhon clicks on Click Login]]], Cuando realiza la orden de entrada [Jhon orden entrada [Jhon clicks on Boton de ordenes, Jhon clicks on Boton orden de entrada, Then BOTON DE AGREGAR ORDEN DE ENTRADA should be an element that is visible, Jhon clicks on BOTON DE AGREGAR ORDEN DE ENTRADA, Jhon clicks on Campo de bodega Destino, Jhon seleccion bodega [Jhon clicks on Bodega 2], Jhon clicks on Tipo de documento, Jhon clicks on Documento, Jhon clicks on Tipo de proveedor, Jhon clicks on proveedor]]
[Test worker] WARN net.thucydides.core.steps.BaseStepListener - stepStarted: net.thucydides.core.steps.ExecutedStepDescription@617449dd
[Test worker] WARN net.thucydides.core.steps.BaseStepListener - stepFinished: current outcome:verificar el ingreso correcto a la plataforma y realizar la orden de entrada:Dado que jhon ingresa a la pagina smartstock [Jhon abrir pagina [Jhon opens the Login pagina, Jhon login [Jhon enters 'Administrador' into Ingresar Usuario, Jhon enters 'Demo123*' into Ingresar Password, Jhon clicks on Click Login]]], Cuando realiza la orden de entrada [Jhon orden entrada [Jhon clicks on Boton de ordenes, Jhon clicks on Boton orden de entrada, Then BOTON DE AGREGAR ORDEN DE ENTRADA should be an element that is visible, Jhon clicks on BOTON DE AGREGAR ORDEN DE ENTRADA, Jhon clicks on Campo de bodega Destino, Jhon seleccion bodega [Jhon clicks on Bodega 2], Jhon clicks on Tipo de documento, Jhon clicks on Documento, Jhon clicks on Tipo de proveedor, Jhon clicks on proveedor, Jhon clicks on Dirección entrega]]
[Test worker] WARN net.thucydides.core.steps.BaseStepListener - stepStarted: net.thucydides.core.steps.ExecutedStepDescription@2f054f70
[Test worker] WARN net.thucydides.core.steps.BaseStepListener - stepFinished: current outcome:verificar el ingreso correcto a la plataforma y realizar la orden de entrada:Dado que jhon ingresa a la pagina smartstock [Jhon abrir pagina [Jhon opens the Login pagina, Jhon login [Jhon enters 'Administrador' into Ingresar Usuario, Jhon enters 'Demo123*' into Ingresar Password, Jhon clicks on Click Login]]], Cuando realiza la orden de entrada [Jhon orden entrada [Jhon clicks on Boton de ordenes, Jhon clicks on Boton orden de entrada, Then BOTON DE AGREGAR ORDEN DE ENTRADA should be an element that is visible, Jhon clicks on BOTON DE AGREGAR ORDEN DE ENTRADA, Jhon clicks on Campo de bodega Destino, Jhon seleccion bodega [Jhon clicks on Bodega 2], Jhon clicks on Tipo de documento, Jhon clicks on Documento, Jhon clicks on Tipo de proveedor, Jhon clicks on proveedor, Jhon clicks on Dirección entrega, Jhon enters 'Cll QA n Test' into Dirección entrega]]
[Test worker] WARN net.thucydides.core.steps.BaseStepListener - stepStarted: net.thucydides.core.steps.ExecutedStepDescription@6a3fbcb1
[Test worker] WARN net.thucydides.core.steps.BaseStepListener - stepFinished: current outcome:verificar el ingreso correcto a la plataforma y realizar la orden de entrada:Dado que jhon ingresa a la pagina smartstock [Jhon abrir pagina [Jhon opens the Login pagina, Jhon login [Jhon enters 'Administrador' into Ingresar Usuario, Jhon enters 'Demo123*' into Ingresar Password, Jhon clicks on Click Login]]], Cuando realiza la orden de entrada [Jhon orden entrada [Jhon clicks on Boton de ordenes, Jhon clicks on Boton orden de entrada, Then BOTON DE AGREGAR ORDEN DE ENTRADA should be an element that is visible, Jhon clicks on BOTON DE AGREGAR ORDEN DE ENTRADA, Jhon clicks on Campo de bodega Destino, Jhon seleccion bodega [Jhon clicks on Bodega 2], Jhon clicks on Tipo de documento, Jhon clicks on Documento, Jhon clicks on Tipo de proveedor, Jhon clicks on proveedor, Jhon clicks on Dirección entrega, Jhon enters 'Cll QA n Test' into Dirección entrega, Jhon enters '21/12/2023' into Fecha entrega]]
[Test worker] WARN net.thucydides.core.steps.BaseStepListener - stepStarted: net.thucydides.core.steps.ExecutedStepDescription@28393e82
[Test worker] WARN net.thucydides.core.steps.BaseStepListener - stepFinished: current outcome:verificar el ingreso correcto a la plataforma y realizar la orden de entrada:Dado que jhon ingresa a la pagina smartstock [Jhon abrir pagina [Jhon opens the Login pagina, Jhon login [Jhon enters 'Administrador' into Ingresar Usuario, Jhon enters 'Demo123*' into Ingresar Password, Jhon clicks on Click Login]]], Cuando realiza la orden de entrada [Jhon orden entrada [Jhon clicks on Boton de ordenes, Jhon clicks on Boton orden de entrada, Then BOTON DE AGREGAR ORDEN DE ENTRADA should be an element that is visible, Jhon clicks on BOTON DE AGREGAR ORDEN DE ENTRADA, Jhon clicks on Campo de bodega Destino, Jhon seleccion bodega [Jhon clicks on Bodega 2], Jhon clicks on Tipo de documento, Jhon clicks on Documento, Jhon clicks on Tipo de proveedor, Jhon clicks on proveedor, Jhon clicks on Dirección entrega, Jhon enters 'Cll QA n Test' into Dirección entrega, Jhon enters '21/12/2023' into Fecha entrega, Jhon enters 'Comercial' into Condición comercial]]
[Test worker] WARN net.thucydides.core.steps.BaseStepListener - stepStarted: net.thucydides.core.steps.ExecutedStepDescription@58278366
[Test worker] WARN net.thucydides.core.steps.BaseStepListener - stepFinished: current outcome:verificar el ingreso correcto a la plataforma y realizar la orden de entrada:Dado que jhon ingresa a la pagina smartstock [Jhon abrir pagina [Jhon opens the Login pagina, Jhon login [Jhon enters 'Administrador' into Ingresar Usuario, Jhon enters 'Demo123*' into Ingresar Password, Jhon clicks on Click Login]]], Cuando realiza la orden de entrada [Jhon orden entrada [Jhon clicks on Boton de ordenes, Jhon clicks on Boton orden de entrada, Then BOTON DE AGREGAR ORDEN DE ENTRADA should be an element that is visible, Jhon clicks on BOTON DE AGREGAR ORDEN DE ENTRADA, Jhon clicks on Campo de bodega Destino, Jhon seleccion bodega [Jhon clicks on Bodega 2], Jhon clicks on Tipo de documento, Jhon clicks on Documento, Jhon clicks on Tipo de proveedor, Jhon clicks on proveedor, Jhon clicks on Dirección entrega, Jhon enters 'Cll QA n Test' into Dirección entrega, Jhon enters '21/12/2023' into Fecha entrega, Jhon enters 'Comercial' into Condición comercial, Jhon enters 'Doc' into Doc. relacionado]]
[Test worker] WARN net.thucydides.core.steps.BaseStepListener - stepStarted: net.thucydides.core.steps.ExecutedStepDescription@61037caf
[Test worker] WARN net.thucydides.core.steps.BaseStepListener - stepFinished: current outcome:verificar el ingreso correcto a la plataforma y realizar la orden de entrada:Dado que jhon ingresa a la pagina smartstock [Jhon abrir pagina [Jhon opens the Login pagina, Jhon login [Jhon enters 'Administrador' into Ingresar Usuario, Jhon enters 'Demo123*' into Ingresar Password, Jhon clicks on Click Login]]], Cuando realiza la orden de entrada [Jhon orden entrada [Jhon clicks on Boton de ordenes, Jhon clicks on Boton orden de entrada, Then BOTON DE AGREGAR ORDEN DE ENTRADA should be an element that is visible, Jhon clicks on BOTON DE AGREGAR ORDEN DE ENTRADA, Jhon clicks on Campo de bodega Destino, Jhon seleccion bodega [Jhon clicks on Bodega 2], Jhon clicks on Tipo de documento, Jhon clicks on Documento, Jhon clicks on Tipo de proveedor, Jhon clicks on proveedor, Jhon clicks on Dirección entrega, Jhon enters 'Cll QA n Test' into Dirección entrega, Jhon enters '21/12/2023' into Fecha entrega, Jhon enters 'Comercial' into Condición comercial, Jhon enters 'Doc' into Doc. relacionado, Jhon enters 'Observacion' into Doc. Observación]]
[Test worker] WARN net.thucydides.core.steps.BaseStepListener - stepStarted: net.thucydides.core.steps.ExecutedStepDescription@191c6e13
[Test worker] WARN net.thucydides.core.steps.BaseStepListener - stepFinished: current outcome:verificar el ingreso correcto a la plataforma y realizar la orden de entrada:Dado que jhon ingresa a la pagina smartstock [Jhon abrir pagina [Jhon opens the Login pagina, Jhon login [Jhon enters 'Administrador' into Ingresar Usuario, Jhon enters 'Demo123*' into Ingresar Password, Jhon clicks on Click Login]]], Cuando realiza la orden de entrada [Jhon orden entrada [Jhon clicks on Boton de ordenes, Jhon clicks on Boton orden de entrada, Then BOTON DE AGREGAR ORDEN DE ENTRADA should be an element that is visible, Jhon clicks on BOTON DE AGREGAR ORDEN DE ENTRADA, Jhon clicks on Campo de bodega Destino, Jhon seleccion bodega [Jhon clicks on Bodega 2], Jhon clicks on Tipo de documento, Jhon clicks on Documento, Jhon clicks on Tipo de proveedor, Jhon clicks on proveedor, Jhon clicks on Dirección entrega, Jhon enters 'Cll QA n Test' into Dirección entrega, Jhon enters '21/12/2023' into Fecha entrega, Jhon enters 'Comercial' into Condición comercial, Jhon enters 'Doc' into Doc. relacionado, Jhon enters 'Observacion' into Doc. Observación, Jhon clicks on Doc. Guardar orden de compra]]
[Test worker] WARN net.thucydides.core.steps.BaseStepListener - stepStarted: net.thucydides.core.steps.ExecutedStepDescription@5600a5da
[Test worker] WARN net.thucydides.core.steps.BaseStepListener - stepStarted: net.thucydides.core.steps.ExecutedStepDescription@66f5b8fe
[Test worker] WARN net.thucydides.core.steps.BaseStepListener - stepFinished: current outcome:verificar el ingreso correcto a la plataforma y realizar la orden de entrada:Dado que jhon ingresa a la pagina smartstock [Jhon abrir pagina [Jhon opens the Login pagina, Jhon login [Jhon enters 'Administrador' into Ingresar Usuario, Jhon enters 'Demo123*' into Ingresar Password, Jhon clicks on Click Login]]], Cuando realiza la orden de entrada [Jhon orden entrada [Jhon clicks on Boton de ordenes, Jhon clicks on Boton orden de entrada, Then BOTON DE AGREGAR ORDEN DE ENTRADA should be an element that is visible, Jhon clicks on BOTON DE AGREGAR ORDEN DE ENTRADA, Jhon clicks on Campo de bodega Destino, Jhon seleccion bodega [Jhon clicks on Bodega 2], Jhon clicks on Tipo de documento, Jhon clicks on Documento, Jhon clicks on Tipo de proveedor, Jhon clicks on proveedor, Jhon clicks on Dirección entrega, Jhon enters 'Cll QA n Test' into Dirección entrega, Jhon enters '21/12/2023' into Fecha entrega, Jhon enters 'Comercial' into Condición comercial, Jhon enters 'Doc' into Doc. relacionado, Jhon enters 'Observacion' into Doc. Observación, Jhon clicks on Doc. Guardar orden de compra, Jhon agregardetalles [Jhon enters 'FEFO' into Desc. ítem]]]
[Test worker] WARN net.thucydides.core.steps.BaseStepListener - stepStarted: net.thucydides.core.steps.ExecutedStepDescription@585513a8
[Test worker] WARN net.thucydides.core.steps.BaseStepListener - stepFinished: current outcome:verificar el ingreso correcto a la plataforma y realizar la orden de entrada:Dado que jhon ingresa a la pagina smartstock [Jhon abrir pagina [Jhon opens the Login pagina, Jhon login [Jhon enters 'Administrador' into Ingresar Usuario, Jhon enters 'Demo123*' into Ingresar Password, Jhon clicks on Click Login]]], Cuando realiza la orden de entrada [Jhon orden entrada [Jhon clicks on Boton de ordenes, Jhon clicks on Boton orden de entrada, Then BOTON DE AGREGAR ORDEN DE ENTRADA should be an element that is visible, Jhon clicks on BOTON DE AGREGAR ORDEN DE ENTRADA, Jhon clicks on Campo de bodega Destino, Jhon seleccion bodega [Jhon clicks on Bodega 2], Jhon clicks on Tipo de documento, Jhon clicks on Documento, Jhon clicks on Tipo de proveedor, Jhon clicks on proveedor, Jhon clicks on Dirección entrega, Jhon enters 'Cll QA n Test' into Dirección entrega, Jhon enters '21/12/2023' into Fecha entrega, Jhon enters 'Comercial' into Condición comercial, Jhon enters 'Doc' into Doc. relacionado, Jhon enters 'Observacion' into Doc. Observación, Jhon clicks on Doc. Guardar orden de compra, Jhon agregardetalles [Jhon enters 'FEFO' into Desc. ítem, Jhon clicks on Lista Desc. ítem]]]
[Test worker] WARN net.thucydides.core.steps.BaseStepListener - stepFinished: current outcome:verificar el ingreso correcto a la plataforma y realizar la orden de entrada:Dado que jhon ingresa a la pagina smartstock [Jhon abrir pagina [Jhon opens the Login pagina, Jhon login [Jhon enters 'Administrador' into Ingresar Usuario, Jhon enters 'Demo123*' into Ingresar Password, Jhon clicks on Click Login]]], Cuando realiza la orden de entrada [Jhon orden entrada [Jhon clicks on Boton de ordenes, Jhon clicks on Boton orden de entrada, Then BOTON DE AGREGAR ORDEN DE ENTRADA should be an element that is visible, Jhon clicks on BOTON DE AGREGAR ORDEN DE ENTRADA, Jhon clicks on Campo de bodega Destino, Jhon seleccion bodega [Jhon clicks on Bodega 2], Jhon clicks on Tipo de documento, Jhon clicks on Documento, Jhon clicks on Tipo de proveedor, Jhon clicks on proveedor, Jhon clicks on Dirección entrega, Jhon enters 'Cll QA n Test' into Dirección entrega, Jhon enters '21/12/2023' into Fecha entrega, Jhon enters 'Comercial' into Condición comercial, Jhon enters 'Doc' into Doc. relacionado, Jhon enters 'Observacion' into Doc. Observación, Jhon clicks on Doc. Guardar orden de compra, Jhon agregardetalles [Jhon enters 'FEFO' into Desc. ítem, Jhon clicks on Lista Desc. ítem]]]
[Test worker] WARN net.thucydides.core.steps.BaseStepListener - stepStarted: net.thucydides.core.steps.ExecutedStepDescription@443a06ad
[Test worker] WARN net.thucydides.core.steps.BaseStepListener - stepFinished: current outcome:verificar el ingreso correcto a la plataforma y realizar la orden de entrada:Dado que jhon ingresa a la pagina smartstock [Jhon abrir pagina [Jhon opens the Login pagina, Jhon login [Jhon enters 'Administrador' into Ingresar Usuario, Jhon enters 'Demo123*' into Ingresar Password, Jhon clicks on Click Login]]], Cuando realiza la orden de entrada [Jhon orden entrada [Jhon clicks on Boton de ordenes, Jhon clicks on Boton orden de entrada, Then BOTON DE AGREGAR ORDEN DE ENTRADA should be an element that is visible, Jhon clicks on BOTON DE AGREGAR ORDEN DE ENTRADA, Jhon clicks on Campo de bodega Destino, Jhon seleccion bodega [Jhon clicks on Bodega 2], Jhon clicks on Tipo de documento, Jhon clicks on Documento, Jhon clicks on Tipo de proveedor, Jhon clicks on proveedor, Jhon clicks on Dirección entrega, Jhon enters 'Cll QA n Test' into Dirección entrega, Jhon enters '21/12/2023' into Fecha entrega, Jhon enters 'Comercial' into Condición comercial, Jhon enters 'Doc' into Doc. relacionado, Jhon enters 'Observacion' into Doc. Observación, Jhon clicks on Doc. Guardar orden de compra, Jhon agregardetalles [Jhon enters 'FEFO' into Desc. ítem, Jhon clicks on Lista Desc. ítem], Jhon clicks on División Destino]]
[Test worker] WARN net.thucydides.core.steps.BaseStepListener - stepStarted: net.thucydides.core.steps.ExecutedStepDescription@1cd2ff5b
[Test worker] WARN net.thucydides.core.steps.BaseStepListener - stepFinished: current outcome:verificar el ingreso correcto a la plataforma y realizar la orden de entrada:Dado que jhon ingresa a la pagina smartstock [Jhon abrir pagina [Jhon opens the Login pagina, Jhon login [Jhon enters 'Administrador' into Ingresar Usuario, Jhon enters 'Demo123*' into Ingresar Password, Jhon clicks on Click Login]]], Cuando realiza la orden de entrada [Jhon orden entrada [Jhon clicks on Boton de ordenes, Jhon clicks on Boton orden de entrada, Then BOTON DE AGREGAR ORDEN DE ENTRADA should be an element that is visible, Jhon clicks on BOTON DE AGREGAR ORDEN DE ENTRADA, Jhon clicks on Campo de bodega Destino, Jhon seleccion bodega [Jhon clicks on Bodega 2], Jhon clicks on Tipo de documento, Jhon clicks on Documento, Jhon clicks on Tipo de proveedor, Jhon clicks on proveedor, Jhon clicks on Dirección entrega, Jhon enters 'Cll QA n Test' into Dirección entrega, Jhon enters '21/12/2023' into Fecha entrega, Jhon enters 'Comercial' into Condición comercial, Jhon enters 'Doc' into Doc. relacionado, Jhon enters 'Observacion' into Doc. Observación, Jhon clicks on Doc. Guardar orden de compra, Jhon agregardetalles [Jhon enters 'FEFO' into Desc. ítem, Jhon clicks on Lista Desc. ítem], Jhon clicks on División Destino, Jhon enters 'Almacenamiento' into División Destino]]
[Test worker] WARN net.thucydides.core.steps.BaseStepListener - stepStarted: net.thucydides.core.steps.ExecutedStepDescription@4ffced4e
[Test worker] WARN net.thucydides.core.steps.BaseStepListener - stepFinished: current outcome:verificar el ingreso correcto a la plataforma y realizar la orden de entrada:Dado que jhon ingresa a la pagina smartstock [Jhon abrir pagina [Jhon opens the Login pagina, Jhon login [Jhon enters 'Administrador' into Ingresar Usuario, Jhon enters 'Demo123*' into Ingresar Password, Jhon clicks on Click Login]]], Cuando realiza la orden de entrada [Jhon orden entrada [Jhon clicks on Boton de ordenes, Jhon clicks on Boton orden de entrada, Then BOTON DE AGREGAR ORDEN DE ENTRADA should be an element that is visible, Jhon clicks on BOTON DE AGREGAR ORDEN DE ENTRADA, Jhon clicks on Campo de bodega Destino, Jhon seleccion bodega [Jhon clicks on Bodega 2], Jhon clicks on Tipo de documento, Jhon clicks on Documento, Jhon clicks on Tipo de proveedor, Jhon clicks on proveedor, Jhon clicks on Dirección entrega, Jhon enters 'Cll QA n Test' into Dirección entrega, Jhon enters '21/12/2023' into Fecha entrega, Jhon enters 'Comercial' into Condición comercial, Jhon enters 'Doc' into Doc. relacionado, Jhon enters 'Observacion' into Doc. Observación, Jhon clicks on Doc. Guardar orden de compra, Jhon agregardetalles [Jhon enters 'FEFO' into Desc. ítem, Jhon clicks on Lista Desc. ítem], Jhon clicks on División Destino, Jhon enters 'Almacenamiento' into División Destino, Jhon clicks on División Destino]]
[Test worker] WARN net.thucydides.core.steps.BaseStepListener - stepStarted: net.thucydides.core.steps.ExecutedStepDescription@486bd064
[Test worker] WARN net.thucydides.core.steps.BaseStepListener - stepFinished: current outcome:verificar el ingreso correcto a la plataforma y realizar la orden de entrada:Dado que jhon ingresa a la pagina smartstock [Jhon abrir pagina [Jhon opens the Login pagina, Jhon login [Jhon enters 'Administrador' into Ingresar Usuario, Jhon enters 'Demo123*' into Ingresar Password, Jhon clicks on Click Login]]], Cuando realiza la orden de entrada [Jhon orden entrada [Jhon clicks on Boton de ordenes, Jhon clicks on Boton orden de entrada, Then BOTON DE AGREGAR ORDEN DE ENTRADA should be an element that is visible, Jhon clicks on BOTON DE AGREGAR ORDEN DE ENTRADA, Jhon clicks on Campo de bodega Destino, Jhon seleccion bodega [Jhon clicks on Bodega 2], Jhon clicks on Tipo de documento, Jhon clicks on Documento, Jhon clicks on Tipo de proveedor, Jhon clicks on proveedor, Jhon clicks on Dirección entrega, Jhon enters 'Cll QA n Test' into Dirección entrega, Jhon enters '21/12/2023' into Fecha entrega, Jhon enters 'Comercial' into Condición comercial, Jhon enters 'Doc' into Doc. relacionado, Jhon enters 'Observacion' into Doc. Observación, Jhon clicks on Doc. Guardar orden de compra, Jhon agregardetalles [Jhon enters 'FEFO' into Desc. ítem, Jhon clicks on Lista Desc. ítem], Jhon clicks on División Destino, Jhon enters 'Almacenamiento' into División Destino, Jhon clicks on División Destino, Jhon enters '2' into Cantidad Solicitada]]
[Test worker] WARN net.thucydides.core.steps.BaseStepListener - stepStarted: net.thucydides.core.steps.ExecutedStepDescription@3a3f96ab
[Test worker] WARN net.thucydides.core.steps.BaseStepListener - stepFinished: current outcome:verificar el ingreso correcto a la plataforma y realizar la orden de entrada:Dado que jhon ingresa a la pagina smartstock [Jhon abrir pagina [Jhon opens the Login pagina, Jhon login [Jhon enters 'Administrador' into Ingresar Usuario, Jhon enters 'Demo123*' into Ingresar Password, Jhon clicks on Click Login]]], Cuando realiza la orden de entrada [Jhon orden entrada [Jhon clicks on Boton de ordenes, Jhon clicks on Boton orden de entrada, Then BOTON DE AGREGAR ORDEN DE ENTRADA should be an element that is visible, Jhon clicks on BOTON DE AGREGAR ORDEN DE ENTRADA, Jhon clicks on Campo de bodega Destino, Jhon seleccion bodega [Jhon clicks on Bodega 2], Jhon clicks on Tipo de documento, Jhon clicks on Documento, Jhon clicks on Tipo de proveedor, Jhon clicks on proveedor, Jhon clicks on Dirección entrega, Jhon enters 'Cll QA n Test' into Dirección entrega, Jhon enters '21/12/2023' into Fecha entrega, Jhon enters 'Comercial' into Condición comercial, Jhon enters 'Doc' into Doc. relacionado, Jhon enters 'Observacion' into Doc. Observación, Jhon clicks on Doc. Guardar orden de compra, Jhon agregardetalles [Jhon enters 'FEFO' into Desc. ítem, Jhon clicks on Lista Desc. ítem], Jhon clicks on División Destino, Jhon enters 'Almacenamiento' into División Destino, Jhon clicks on División Destino, Jhon enters '2' into Cantidad Solicitada, Jhon clicks on Agregar Productos al detalle]]
[Test worker] WARN net.thucydides.core.steps.BaseStepListener - stepStarted: net.thucydides.core.steps.ExecutedStepDescription@7b9e25bd
[Test worker] WARN net.thucydides.core.steps.BaseStepListener - stepFinished: current outcome:verificar el ingreso correcto a la plataforma y realizar la orden de entrada:Dado que jhon ingresa a la pagina smartstock [Jhon abrir pagina [Jhon opens the Login pagina, Jhon login [Jhon enters 'Administrador' into Ingresar Usuario, Jhon enters 'Demo123*' into Ingresar Password, Jhon clicks on Click Login]]], Cuando realiza la orden de entrada [Jhon orden entrada [Jhon clicks on Boton de ordenes, Jhon clicks on Boton orden de entrada, Then BOTON DE AGREGAR ORDEN DE ENTRADA should be an element that is visible, Jhon clicks on BOTON DE AGREGAR ORDEN DE ENTRADA, Jhon clicks on Campo de bodega Destino, Jhon seleccion bodega [Jhon clicks on Bodega 2], Jhon clicks on Tipo de documento, Jhon clicks on Documento, Jhon clicks on Tipo de proveedor, Jhon clicks on proveedor, Jhon clicks on Dirección entrega, Jhon enters 'Cll QA n Test' into Dirección entrega, Jhon enters '21/12/2023' into Fecha entrega, Jhon enters 'Comercial' into Condición comercial, Jhon enters 'Doc' into Doc. relacionado, Jhon enters 'Observacion' into Doc. Observación, Jhon clicks on Doc. Guardar orden de compra, Jhon agregardetalles [Jhon enters 'FEFO' into Desc. ítem, Jhon clicks on Lista Desc. ítem], Jhon clicks on División Destino, Jhon enters 'Almacenamiento' into División Destino, Jhon clicks on División Destino, Jhon enters '2' into Cantidad Solicitada, Jhon clicks on Agregar Productos al detalle, Jhon clicks on Cambiar la etapa de la orden de entrada]]
[Test worker] WARN net.thucydides.core.steps.BaseStepListener - stepStarted: net.thucydides.core.steps.ExecutedStepDescription@76a362a4
[Test worker] WARN net.thucydides.core.steps.BaseStepListener - stepFinished: current outcome:verificar el ingreso correcto a la plataforma y realizar la orden de entrada:Dado que jhon ingresa a la pagina smartstock [Jhon abrir pagina [Jhon opens the Login pagina, Jhon login [Jhon enters 'Administrador' into Ingresar Usuario, Jhon enters 'Demo123*' into Ingresar Password, Jhon clicks on Click Login]]], Cuando realiza la orden de entrada [Jhon orden entrada [Jhon clicks on Boton de ordenes, Jhon clicks on Boton orden de entrada, Then BOTON DE AGREGAR ORDEN DE ENTRADA should be an element that is visible, Jhon clicks on BOTON DE AGREGAR ORDEN DE ENTRADA, Jhon clicks on Campo de bodega Destino, Jhon seleccion bodega [Jhon clicks on Bodega 2], Jhon clicks on Tipo de documento, Jhon clicks on Documento, Jhon clicks on Tipo de proveedor, Jhon clicks on proveedor, Jhon clicks on Dirección entrega, Jhon enters 'Cll QA n Test' into Dirección entrega, Jhon enters '21/12/2023' into Fecha entrega, Jhon enters 'Comercial' into Condición comercial, Jhon enters 'Doc' into Doc. relacionado, Jhon enters 'Observacion' into Doc. Observación, Jhon clicks on Doc. Guardar orden de compra, Jhon agregardetalles [Jhon enters 'FEFO' into Desc. ítem, Jhon clicks on Lista Desc. ítem], Jhon clicks on División Destino, Jhon enters 'Almacenamiento' into División Destino, Jhon clicks on División Destino, Jhon enters '2' into Cantidad Solicitada, Jhon clicks on Agregar Productos al detalle, Jhon clicks on Cambiar la etapa de la orden de entrada, Jhon clicks on Lista de Cambiar la etapa de la orden de entrada]]
[Test worker] WARN net.thucydides.core.steps.BaseStepListener - stepStarted: net.thucydides.core.steps.ExecutedStepDescription@13192275
[Test worker] WARN net.thucydides.core.steps.BaseStepListener - stepFinished: current outcome:verificar el ingreso correcto a la plataforma y realizar la orden de entrada:Dado que jhon ingresa a la pagina smartstock [Jhon abrir pagina [Jhon opens the Login pagina, Jhon login [Jhon enters 'Administrador' into Ingresar Usuario, Jhon enters 'Demo123*' into Ingresar Password, Jhon clicks on Click Login]]], Cuando realiza la orden de entrada [Jhon orden entrada [Jhon clicks on Boton de ordenes, Jhon clicks on Boton orden de entrada, Then BOTON DE AGREGAR ORDEN DE ENTRADA should be an element that is visible, Jhon clicks on BOTON DE AGREGAR ORDEN DE ENTRADA, Jhon clicks on Campo de bodega Destino, Jhon seleccion bodega [Jhon clicks on Bodega 2], Jhon clicks on Tipo de documento, Jhon clicks on Documento, Jhon clicks on Tipo de proveedor, Jhon clicks on proveedor, Jhon clicks on Dirección entrega, Jhon enters 'Cll QA n Test' into Dirección entrega, Jhon enters '21/12/2023' into Fecha entrega, Jhon enters 'Comercial' into Condición comercial, Jhon enters 'Doc' into Doc. relacionado, Jhon enters 'Observacion' into Doc. Observación, Jhon clicks on Doc. Guardar orden de compra, Jhon agregardetalles [Jhon enters 'FEFO' into Desc. ítem, Jhon clicks on Lista Desc. ítem], Jhon clicks on División Destino, Jhon enters 'Almacenamiento' into División Destino, Jhon clicks on División Destino, Jhon enters '2' into Cantidad Solicitada, Jhon clicks on Agregar Productos al detalle, Jhon clicks on Cambiar la etapa de la orden de entrada, Jhon clicks on Lista de Cambiar la etapa de la orden de entrada, Jhon clicks on Finalizar la orden de entrada]]
[Test worker] WARN net.thucydides.core.steps.BaseStepListener - stepStarted: net.thucydides.core.steps.ExecutedStepDescription@5403907
[Test worker] WARN net.thucydides.core.steps.BaseStepListener - stepFinished: current outcome:verificar el ingreso correcto a la plataforma y realizar la orden de entrada:Dado que jhon ingresa a la pagina smartstock [Jhon abrir pagina [Jhon opens the Login pagina, Jhon login [Jhon enters 'Administrador' into Ingresar Usuario, Jhon enters 'Demo123*' into Ingresar Password, Jhon clicks on Click Login]]], Cuando realiza la orden de entrada [Jhon orden entrada [Jhon clicks on Boton de ordenes, Jhon clicks on Boton orden de entrada, Then BOTON DE AGREGAR ORDEN DE ENTRADA should be an element that is visible, Jhon clicks on BOTON DE AGREGAR ORDEN DE ENTRADA, Jhon clicks on Campo de bodega Destino, Jhon seleccion bodega [Jhon clicks on Bodega 2], Jhon clicks on Tipo de documento, Jhon clicks on Documento, Jhon clicks on Tipo de proveedor, Jhon clicks on proveedor, Jhon clicks on Dirección entrega, Jhon enters 'Cll QA n Test' into Dirección entrega, Jhon enters '21/12/2023' into Fecha entrega, Jhon enters 'Comercial' into Condición comercial, Jhon enters 'Doc' into Doc. relacionado, Jhon enters 'Observacion' into Doc. Observación, Jhon clicks on Doc. Guardar orden de compra, Jhon agregardetalles [Jhon enters 'FEFO' into Desc. ítem, Jhon clicks on Lista Desc. ítem], Jhon clicks on División Destino, Jhon enters 'Almacenamiento' into División Destino, Jhon clicks on División Destino, Jhon enters '2' into Cantidad Solicitada, Jhon clicks on Agregar Productos al detalle, Jhon clicks on Cambiar la etapa de la orden de entrada, Jhon clicks on Lista de Cambiar la etapa de la orden de entrada, Jhon clicks on Finalizar la orden de entrada, Jhon clicks on Cerrar ventana despues de finalizar la orden]]
[Test worker] WARN net.thucydides.core.steps.BaseStepListener - stepStarted: net.thucydides.core.steps.ExecutedStepDescription@65600fb3
[Test worker] WARN net.thucydides.core.steps.BaseStepListener - stepFinished: current outcome:verificar el ingreso correcto a la plataforma y realizar la orden de entrada:Dado que jhon ingresa a la pagina smartstock [Jhon abrir pagina [Jhon opens the Login pagina, Jhon login [Jhon enters 'Administrador' into Ingresar Usuario, Jhon enters 'Demo123*' into Ingresar Password, Jhon clicks on Click Login]]], Cuando realiza la orden de entrada [Jhon orden entrada [Jhon clicks on Boton de ordenes, Jhon clicks on Boton orden de entrada, Then BOTON DE AGREGAR ORDEN DE ENTRADA should be an element that is visible, Jhon clicks on BOTON DE AGREGAR ORDEN DE ENTRADA, Jhon clicks on Campo de bodega Destino, Jhon seleccion bodega [Jhon clicks on Bodega 2], Jhon clicks on Tipo de documento, Jhon clicks on Documento, Jhon clicks on Tipo de proveedor, Jhon clicks on proveedor, Jhon clicks on Dirección entrega, Jhon enters 'Cll QA n Test' into Dirección entrega, Jhon enters '21/12/2023' into Fecha entrega, Jhon enters 'Comercial' into Condición comercial, Jhon enters 'Doc' into Doc. relacionado, Jhon enters 'Observacion' into Doc. Observación, Jhon clicks on Doc. Guardar orden de compra, Jhon agregardetalles [Jhon enters 'FEFO' into Desc. ítem, Jhon clicks on Lista Desc. ítem], Jhon clicks on División Destino, Jhon enters 'Almacenamiento' into División Destino, Jhon clicks on División Destino, Jhon enters '2' into Cantidad Solicitada, Jhon clicks on Agregar Productos al detalle, Jhon clicks on Cambiar la etapa de la orden de entrada, Jhon clicks on Lista de Cambiar la etapa de la orden de entrada, Jhon clicks on Finalizar la orden de entrada, Jhon clicks on Cerrar ventana despues de finalizar la orden, Jhon clicks on Procesos]]
[Test worker] WARN net.thucydides.core.steps.BaseStepListener - stepStarted: net.thucydides.core.steps.ExecutedStepDescription@2315052d
[Test worker] WARN net.thucydides.core.steps.BaseStepListener - stepFinished: current outcome:verificar el ingreso correcto a la plataforma y realizar la orden de entrada:Dado que jhon ingresa a la pagina smartstock [Jhon abrir pagina [Jhon opens the Login pagina, Jhon login [Jhon enters 'Administrador' into Ingresar Usuario, Jhon enters 'Demo123*' into Ingresar Password, Jhon clicks on Click Login]]], Cuando realiza la orden de entrada [Jhon orden entrada [Jhon clicks on Boton de ordenes, Jhon clicks on Boton orden de entrada, Then BOTON DE AGREGAR ORDEN DE ENTRADA should be an element that is visible, Jhon clicks on BOTON DE AGREGAR ORDEN DE ENTRADA, Jhon clicks on Campo de bodega Destino, Jhon seleccion bodega [Jhon clicks on Bodega 2], Jhon clicks on Tipo de documento, Jhon clicks on Documento, Jhon clicks on Tipo de proveedor, Jhon clicks on proveedor, Jhon clicks on Dirección entrega, Jhon enters 'Cll QA n Test' into Dirección entrega, Jhon enters '21/12/2023' into Fecha entrega, Jhon enters 'Comercial' into Condición comercial, Jhon enters 'Doc' into Doc. relacionado, Jhon enters 'Observacion' into Doc. Observación, Jhon clicks on Doc. Guardar orden de compra, Jhon agregardetalles [Jhon enters 'FEFO' into Desc. ítem, Jhon clicks on Lista Desc. ítem], Jhon clicks on División Destino, Jhon enters 'Almacenamiento' into División Destino, Jhon clicks on División Destino, Jhon enters '2' into Cantidad Solicitada, Jhon clicks on Agregar Productos al detalle, Jhon clicks on Cambiar la etapa de la orden de entrada, Jhon clicks on Lista de Cambiar la etapa de la orden de entrada, Jhon clicks on Finalizar la orden de entrada, Jhon clicks on Cerrar ventana despues de finalizar la orden, Jhon clicks on Procesos, Jhon clicks on Entrada de inventarios]]
[Test worker] WARN net.thucydides.core.steps.BaseStepListener - stepStarted: net.thucydides.core.steps.ExecutedStepDescription@787178b1
[Test worker] WARN net.thucydides.core.steps.BaseStepListener - stepFinished: current outcome:verificar el ingreso correcto a la plataforma y realizar la orden de entrada:Dado que jhon ingresa a la pagina smartstock [Jhon abrir pagina [Jhon opens the Login pagina, Jhon login [Jhon enters 'Administrador' into Ingresar Usuario, Jhon enters 'Demo123*' into Ingresar Password, Jhon clicks on Click Login]]], Cuando realiza la orden de entrada [Jhon orden entrada [Jhon clicks on Boton de ordenes, Jhon clicks on Boton orden de entrada, Then BOTON DE AGREGAR ORDEN DE ENTRADA should be an element that is visible, Jhon clicks on BOTON DE AGREGAR ORDEN DE ENTRADA, Jhon clicks on Campo de bodega Destino, Jhon seleccion bodega [Jhon clicks on Bodega 2], Jhon clicks on Tipo de documento, Jhon clicks on Documento, Jhon clicks on Tipo de proveedor, Jhon clicks on proveedor, Jhon clicks on Dirección entrega, Jhon enters 'Cll QA n Test' into Dirección entrega, Jhon enters '21/12/2023' into Fecha entrega, Jhon enters 'Comercial' into Condición comercial, Jhon enters 'Doc' into Doc. relacionado, Jhon enters 'Observacion' into Doc. Observación, Jhon clicks on Doc. Guardar orden de compra, Jhon agregardetalles [Jhon enters 'FEFO' into Desc. ítem, Jhon clicks on Lista Desc. ítem], Jhon clicks on División Destino, Jhon enters 'Almacenamiento' into División Destino, Jhon clicks on División Destino, Jhon enters '2' into Cantidad Solicitada, Jhon clicks on Agregar Productos al detalle, Jhon clicks on Cambiar la etapa de la orden de entrada, Jhon clicks on Lista de Cambiar la etapa de la orden de entrada, Jhon clicks on Finalizar la orden de entrada, Jhon clicks on Cerrar ventana despues de finalizar la orden, Jhon clicks on Procesos, Jhon clicks on Entrada de inventarios, Then Agregar Inventario should be an element that is enabled]]
[Test worker] WARN net.thucydides.core.steps.BaseStepListener - stepStarted: net.thucydides.core.steps.ExecutedStepDescription@103c97ff
[Test worker] WARN net.thucydides.core.steps.BaseStepListener - stepFinished: current outcome:verificar el ingreso correcto a la plataforma y realizar la orden de entrada:Dado que jhon ingresa a la pagina smartstock [Jhon abrir pagina [Jhon opens the Login pagina, Jhon login [Jhon enters 'Administrador' into Ingresar Usuario, Jhon enters 'Demo123*' into Ingresar Password, Jhon clicks on Click Login]]], Cuando realiza la orden de entrada [Jhon orden entrada [Jhon clicks on Boton de ordenes, Jhon clicks on Boton orden de entrada, Then BOTON DE AGREGAR ORDEN DE ENTRADA should be an element that is visible, Jhon clicks on BOTON DE AGREGAR ORDEN DE ENTRADA, Jhon clicks on Campo de bodega Destino, Jhon seleccion bodega [Jhon clicks on Bodega 2], Jhon clicks on Tipo de documento, Jhon clicks on Documento, Jhon clicks on Tipo de proveedor, Jhon clicks on proveedor, Jhon clicks on Dirección entrega, Jhon enters 'Cll QA n Test' into Dirección entrega, Jhon enters '21/12/2023' into Fecha entrega, Jhon enters 'Comercial' into Condición comercial, Jhon enters 'Doc' into Doc. relacionado, Jhon enters 'Observacion' into Doc. Observación, Jhon clicks on Doc. Guardar orden de compra, Jhon agregardetalles [Jhon enters 'FEFO' into Desc. ítem, Jhon clicks on Lista Desc. ítem], Jhon clicks on División Destino, Jhon enters 'Almacenamiento' into División Destino, Jhon clicks on División Destino, Jhon enters '2' into Cantidad Solicitada, Jhon clicks on Agregar Productos al detalle, Jhon clicks on Cambiar la etapa de la orden de entrada, Jhon clicks on Lista de Cambiar la etapa de la orden de entrada, Jhon clicks on Finalizar la orden de entrada, Jhon clicks on Cerrar ventana despues de finalizar la orden, Jhon clicks on Procesos, Jhon clicks on Entrada de inventarios, Then Agregar Inventario should be an element that is enabled, Jhon clicks on Agregar Inventario]]
[Test worker] WARN net.thucydides.core.steps.BaseStepListener - stepStarted: net.thucydides.core.steps.ExecutedStepDescription@3e6748ae
[Test worker] WARN net.thucydides.core.steps.BaseStepListener - stepFinished: current outcome:verificar el ingreso correcto a la plataforma y realizar la orden de entrada:Dado que jhon ingresa a la pagina smartstock [Jhon abrir pagina [Jhon opens the Login pagina, Jhon login [Jhon enters 'Administrador' into Ingresar Usuario, Jhon enters 'Demo123*' into Ingresar Password, Jhon clicks on Click Login]]], Cuando realiza la orden de entrada [Jhon orden entrada [Jhon clicks on Boton de ordenes, Jhon clicks on Boton orden de entrada, Then BOTON DE AGREGAR ORDEN DE ENTRADA should be an element that is visible, Jhon clicks on BOTON DE AGREGAR ORDEN DE ENTRADA, Jhon clicks on Campo de bodega Destino, Jhon seleccion bodega [Jhon clicks on Bodega 2], Jhon clicks on Tipo de documento, Jhon clicks on Documento, Jhon clicks on Tipo de proveedor, Jhon clicks on proveedor, Jhon clicks on Dirección entrega, Jhon enters 'Cll QA n Test' into Dirección entrega, Jhon enters '21/12/2023' into Fecha entrega, Jhon enters 'Comercial' into Condición comercial, Jhon enters 'Doc' into Doc. relacionado, Jhon enters 'Observacion' into Doc. Observación, Jhon clicks on Doc. Guardar orden de compra, Jhon agregardetalles [Jhon enters 'FEFO' into Desc. ítem, Jhon clicks on Lista Desc. ítem], Jhon clicks on División Destino, Jhon enters 'Almacenamiento' into División Destino, Jhon clicks on División Destino, Jhon enters '2' into Cantidad Solicitada, Jhon clicks on Agregar Productos al detalle, Jhon clicks on Cambiar la etapa de la orden de entrada, Jhon clicks on Lista de Cambiar la etapa de la orden de entrada, Jhon clicks on Finalizar la orden de entrada, Jhon clicks on Cerrar ventana despues de finalizar la orden, Jhon clicks on Procesos, Jhon clicks on Entrada de inventarios, Then Agregar Inventario should be an element that is enabled, Jhon clicks on Agregar Inventario, Then Buscar Numero de inventario should be an element that is enabled]]
[Test worker] WARN net.thucydides.core.steps.BaseStepListener - stepStarted: net.thucydides.core.steps.ExecutedStepDescription@426c0486
[Test worker] WARN net.thucydides.core.steps.BaseStepListener - stepFinished: current outcome:verificar el ingreso correcto a la plataforma y realizar la orden de entrada:Dado que jhon ingresa a la pagina smartstock [Jhon abrir pagina [Jhon opens the Login pagina, Jhon login [Jhon enters 'Administrador' into Ingresar Usuario, Jhon enters 'Demo123*' into Ingresar Password, Jhon clicks on Click Login]]], Cuando realiza la orden de entrada [Jhon orden entrada [Jhon clicks on Boton de ordenes, Jhon clicks on Boton orden de entrada, Then BOTON DE AGREGAR ORDEN DE ENTRADA should be an element that is visible, Jhon clicks on BOTON DE AGREGAR ORDEN DE ENTRADA, Jhon clicks on Campo de bodega Destino, Jhon seleccion bodega [Jhon clicks on Bodega 2], Jhon clicks on Tipo de documento, Jhon clicks on Documento, Jhon clicks on Tipo de proveedor, Jhon clicks on proveedor, Jhon clicks on Dirección entrega, Jhon enters 'Cll QA n Test' into Dirección entrega, Jhon enters '21/12/2023' into Fecha entrega, Jhon enters 'Comercial' into Condición comercial, Jhon enters 'Doc' into Doc. relacionado, Jhon enters 'Observacion' into Doc. Observación, Jhon clicks on Doc. Guardar orden de compra, Jhon agregardetalles [Jhon enters 'FEFO' into Desc. ítem, Jhon clicks on Lista Desc. ítem], Jhon clicks on División Destino, Jhon enters 'Almacenamiento' into División Destino, Jhon clicks on División Destino, Jhon enters '2' into Cantidad Solicitada, Jhon clicks on Agregar Productos al detalle, Jhon clicks on Cambiar la etapa de la orden de entrada, Jhon clicks on Lista de Cambiar la etapa de la orden de entrada, Jhon clicks on Finalizar la orden de entrada, Jhon clicks on Cerrar ventana despues de finalizar la orden, Jhon clicks on Procesos, Jhon clicks on Entrada de inventarios, Then Agregar Inventario should be an element that is enabled, Jhon clicks on Agregar Inventario, Then Buscar Numero de inventario should be an element that is enabled, Jhon clicks on Buscar Numero de inventario]]
[Test worker] WARN net.thucydides.core.steps.BaseStepListener - stepStarted: net.thucydides.core.steps.ExecutedStepDescription@3915e7c3
[Test worker] WARN net.thucydides.core.steps.BaseStepListener - stepFinished: current outcome:verificar el ingreso correcto a la plataforma y realizar la orden de entrada:Dado que jhon ingresa a la pagina smartstock [Jhon abrir pagina [Jhon opens the Login pagina, Jhon login [Jhon enters 'Administrador' into Ingresar Usuario, Jhon enters 'Demo123*' into Ingresar Password, Jhon clicks on Click Login]]], Cuando realiza la orden de entrada [Jhon orden entrada [Jhon clicks on Boton de ordenes, Jhon clicks on Boton orden de entrada, Then BOTON DE AGREGAR ORDEN DE ENTRADA should be an element that is visible, Jhon clicks on BOTON DE AGREGAR ORDEN DE ENTRADA, Jhon clicks on Campo de bodega Destino, Jhon seleccion bodega [Jhon clicks on Bodega 2], Jhon clicks on Tipo de documento, Jhon clicks on Documento, Jhon clicks on Tipo de proveedor, Jhon clicks on proveedor, Jhon clicks on Dirección entrega, Jhon enters 'Cll QA n Test' into Dirección entrega, Jhon enters '21/12/2023' into Fecha entrega, Jhon enters 'Comercial' into Condición comercial, Jhon enters 'Doc' into Doc. relacionado, Jhon enters 'Observacion' into Doc. Observación, Jhon clicks on Doc. Guardar orden de compra, Jhon agregardetalles [Jhon enters 'FEFO' into Desc. ítem, Jhon clicks on Lista Desc. ítem], Jhon clicks on División Destino, Jhon enters 'Almacenamiento' into División Destino, Jhon clicks on División Destino, Jhon enters '2' into Cantidad Solicitada, Jhon clicks on Agregar Productos al detalle, Jhon clicks on Cambiar la etapa de la orden de entrada, Jhon clicks on Lista de Cambiar la etapa de la orden de entrada, Jhon clicks on Finalizar la orden de entrada, Jhon clicks on Cerrar ventana despues de finalizar la orden, Jhon clicks on Procesos, Jhon clicks on Entrada de inventarios, Then Agregar Inventario should be an element that is enabled, Jhon clicks on Agregar Inventario, Then Buscar Numero de inventario should be an element that is enabled, Jhon clicks on Buscar Numero de inventario, Jhon enters 'OE-172' into Buscar Numero de inventario]]
[Test worker] WARN net.thucydides.core.steps.BaseStepListener - stepFinished: current outcome:verificar el ingreso correcto a la plataforma y realizar la orden de entrada:Dado que jhon ingresa a la pagina smartstock [Jhon abrir pagina [Jhon opens the Login pagina, Jhon login [Jhon enters 'Administrador' into Ingresar Usuario, Jhon enters 'Demo123*' into Ingresar Password, Jhon clicks on Click Login]]], Cuando realiza la orden de entrada [Jhon orden entrada [Jhon clicks on Boton de ordenes, Jhon clicks on Boton orden de entrada, Then BOTON DE AGREGAR ORDEN DE ENTRADA should be an element that is visible, Jhon clicks on BOTON DE AGREGAR ORDEN DE ENTRADA, Jhon clicks on Campo de bodega Destino, Jhon seleccion bodega [Jhon clicks on Bodega 2], Jhon clicks on Tipo de documento, Jhon clicks on Documento, Jhon clicks on Tipo de proveedor, Jhon clicks on proveedor, Jhon clicks on Dirección entrega, Jhon enters 'Cll QA n Test' into Dirección entrega, Jhon enters '21/12/2023' into Fecha entrega, Jhon enters 'Comercial' into Condición comercial, Jhon enters 'Doc' into Doc. relacionado, Jhon enters 'Observacion' into Doc. Observación, Jhon clicks on Doc. Guardar orden de compra, Jhon agregardetalles [Jhon enters 'FEFO' into Desc. ítem, Jhon clicks on Lista Desc. ítem], Jhon clicks on División Destino, Jhon enters 'Almacenamiento' into División Destino, Jhon clicks on División Destino, Jhon enters '2' into Cantidad Solicitada, Jhon clicks on Agregar Productos al detalle, Jhon clicks on Cambiar la etapa de la orden de entrada, Jhon clicks on Lista de Cambiar la etapa de la orden de entrada, Jhon clicks on Finalizar la orden de entrada, Jhon clicks on Cerrar ventana despues de finalizar la orden, Jhon clicks on Procesos, Jhon clicks on Entrada de inventarios, Then Agregar Inventario should be an element that is enabled, Jhon clicks on Agregar Inventario, Then Buscar Numero de inventario should be an element that is enabled, Jhon clicks on Buscar Numero de inventario, Jhon enters 'OE-172' into Buscar Numero de inventario]]
[Test worker] WARN net.thucydides.core.steps.BaseStepListener - stepStarted: net.thucydides.core.steps.ExecutedStepDescription@25c1f5ee
[Test worker] WARN net.thucydides.core.steps.BaseStepListener - stepFinished: current outcome:verificar el ingreso correcto a la plataforma y realizar la orden de entrada:Dado que jhon ingresa a la pagina smartstock [Jhon abrir pagina [Jhon opens the Login pagina, Jhon login [Jhon enters 'Administrador' into Ingresar Usuario, Jhon enters 'Demo123*' into Ingresar Password, Jhon clicks on Click Login]]], Cuando realiza la orden de entrada [Jhon orden entrada [Jhon clicks on Boton de ordenes, Jhon clicks on Boton orden de entrada, Then BOTON DE AGREGAR ORDEN DE ENTRADA should be an element that is visible, Jhon clicks on BOTON DE AGREGAR ORDEN DE ENTRADA, Jhon clicks on Campo de bodega Destino, Jhon seleccion bodega [Jhon clicks on Bodega 2], Jhon clicks on Tipo de documento, Jhon clicks on Documento, Jhon clicks on Tipo de proveedor, Jhon clicks on proveedor, Jhon clicks on Dirección entrega, Jhon enters 'Cll QA n Test' into Dirección entrega, Jhon enters '21/12/2023' into Fecha entrega, Jhon enters 'Comercial' into Condición comercial, Jhon enters 'Doc' into Doc. relacionado, Jhon enters 'Observacion' into Doc. Observación, Jhon clicks on Doc. Guardar orden de compra, Jhon agregardetalles [Jhon enters 'FEFO' into Desc. ítem, Jhon clicks on Lista Desc. ítem], Jhon clicks on División Destino, Jhon enters 'Almacenamiento' into División Destino, Jhon clicks on División Destino, Jhon enters '2' into Cantidad Solicitada, Jhon clicks on Agregar Productos al detalle, Jhon clicks on Cambiar la etapa de la orden de entrada, Jhon clicks on Lista de Cambiar la etapa de la orden de entrada, Jhon clicks on Finalizar la orden de entrada, Jhon clicks on Cerrar ventana despues de finalizar la orden, Jhon clicks on Procesos, Jhon clicks on Entrada de inventarios, Then Agregar Inventario should be an element that is enabled, Jhon clicks on Agregar Inventario, Then Buscar Numero de inventario should be an element that is enabled, Jhon clicks on Buscar Numero de inventario, Jhon enters 'OE-172' into Buscar Numero de inventario], Jhon entrada inventario]
[Test worker] WARN net.thucydides.core.steps.BaseStepListener - stepFinished: current outcome:verificar el ingreso correcto a la plataforma y realizar la orden de entrada:Dado que jhon ingresa a la pagina smartstock [Jhon abrir pagina [Jhon opens the Login pagina, Jhon login [Jhon enters 'Administrador' into Ingresar Usuario, Jhon enters 'Demo123*' into Ingresar Password, Jhon clicks on Click Login]]], Cuando realiza la orden de entrada [Jhon orden entrada [Jhon clicks on Boton de ordenes, Jhon clicks on Boton orden de entrada, Then BOTON DE AGREGAR ORDEN DE ENTRADA should be an element that is visible, Jhon clicks on BOTON DE AGREGAR ORDEN DE ENTRADA, Jhon clicks on Campo de bodega Destino, Jhon seleccion bodega [Jhon clicks on Bodega 2], Jhon clicks on Tipo de documento, Jhon clicks on Documento, Jhon clicks on Tipo de proveedor, Jhon clicks on proveedor, Jhon clicks on Dirección entrega, Jhon enters 'Cll QA n Test' into Dirección entrega, Jhon enters '21/12/2023' into Fecha entrega, Jhon enters 'Comercial' into Condición comercial, Jhon enters 'Doc' into Doc. relacionado, Jhon enters 'Observacion' into Doc. Observación, Jhon clicks on Doc. Guardar orden de compra, Jhon agregardetalles [Jhon enters 'FEFO' into Desc. ítem, Jhon clicks on Lista Desc. ítem], Jhon clicks on División Destino, Jhon enters 'Almacenamiento' into División Destino, Jhon clicks on División Destino, Jhon enters '2' into Cantidad Solicitada, Jhon clicks on Agregar Productos al detalle, Jhon clicks on Cambiar la etapa de la orden de entrada, Jhon clicks on Lista de Cambiar la etapa de la orden de entrada, Jhon clicks on Finalizar la orden de entrada, Jhon clicks on Cerrar ventana despues de finalizar la orden, Jhon clicks on Procesos, Jhon clicks on Entrada de inventarios, Then Agregar Inventario should be an element that is enabled, Jhon clicks on Agregar Inventario, Then Buscar Numero de inventario should be an element that is enabled, Jhon clicks on Buscar Numero de inventario, Jhon enters 'OE-172' into Buscar Numero de inventario], Jhon entrada inventario]
[Test worker] WARN net.thucydides.core.steps.BaseStepListener - stepStarted: net.thucydides.core.steps.ExecutedStepDescription@424f02b8
[Test worker] WARN net.thucydides.core.steps.BaseStepListener - stepFinished: current outcome:verificar el ingreso correcto a la plataforma y realizar la orden de entrada:Dado que jhon ingresa a la pagina smartstock [Jhon abrir pagina [Jhon opens the Login pagina, Jhon login [Jhon enters 'Administrador' into Ingresar Usuario, Jhon enters 'Demo123*' into Ingresar Password, Jhon clicks on Click Login]]], Cuando realiza la orden de entrada [Jhon orden entrada [Jhon clicks on Boton de ordenes, Jhon clicks on Boton orden de entrada, Then BOTON DE AGREGAR ORDEN DE ENTRADA should be an element that is visible, Jhon clicks on BOTON DE AGREGAR ORDEN DE ENTRADA, Jhon clicks on Campo de bodega Destino, Jhon seleccion bodega [Jhon clicks on Bodega 2], Jhon clicks on Tipo de documento, Jhon clicks on Documento, Jhon clicks on Tipo de proveedor, Jhon clicks on proveedor, Jhon clicks on Dirección entrega, Jhon enters 'Cll QA n Test' into Dirección entrega, Jhon enters '21/12/2023' into Fecha entrega, Jhon enters 'Comercial' into Condición comercial, Jhon enters 'Doc' into Doc. relacionado, Jhon enters 'Observacion' into Doc. Observación, Jhon clicks on Doc. Guardar orden de compra, Jhon agregardetalles [Jhon enters 'FEFO' into Desc. ítem, Jhon clicks on Lista Desc. ítem], Jhon clicks on División Destino, Jhon enters 'Almacenamiento' into División Destino, Jhon clicks on División Destino, Jhon enters '2' into Cantidad Solicitada, Jhon clicks on Agregar Productos al detalle, Jhon clicks on Cambiar la etapa de la orden de entrada, Jhon clicks on Lista de Cambiar la etapa de la orden de entrada, Jhon clicks on Finalizar la orden de entrada, Jhon clicks on Cerrar ventana despues de finalizar la orden, Jhon clicks on Procesos, Jhon clicks on Entrada de inventarios, Then Agregar Inventario should be an element that is enabled, Jhon clicks on Agregar Inventario, Then Buscar Numero de inventario should be an element that is enabled, Jhon clicks on Buscar Numero de inventario, Jhon enters 'OE-172' into Buscar Numero de inventario], Jhon entrada inventario], Entonces verifica que se creo correctamente
[Test worker] WARN net.thucydides.core.steps.BaseStepListener - testFinished: verificar el ingreso correcto a la plataforma y realizar la orden de entrada:Dado que jhon ingresa a la pagina smartstock [Jhon abrir pagina [Jhon opens the Login pagina, Jhon login [Jhon enters 'Administrador' into Ingresar Usuario, Jhon enters 'Demo123*' into Ingresar Password, Jhon clicks on Click Login]]], Cuando realiza la orden de entrada [Jhon orden entrada [Jhon clicks on Boton de ordenes, Jhon clicks on Boton orden de entrada, Then BOTON DE AGREGAR ORDEN DE ENTRADA should be an element that is visible, Jhon clicks on BOTON DE AGREGAR ORDEN DE ENTRADA, Jhon clicks on Campo de bodega Destino, Jhon seleccion bodega [Jhon clicks on Bodega 2], Jhon clicks on Tipo de documento, Jhon clicks on Documento, Jhon clicks on Tipo de proveedor, Jhon clicks on proveedor, Jhon clicks on Dirección entrega, Jhon enters 'Cll QA n Test' into Dirección entrega, Jhon enters '21/12/2023' into Fecha entrega, Jhon enters 'Comercial' into Condición comercial, Jhon enters 'Doc' into Doc. relacionado, Jhon enters 'Observacion' into Doc. Observación, Jhon clicks on Doc. Guardar orden de compra, Jhon agregardetalles [Jhon enters 'FEFO' into Desc. ítem, Jhon clicks on Lista Desc. ítem], Jhon clicks on División Destino, Jhon enters 'Almacenamiento' into División Destino, Jhon clicks on División Destino, Jhon enters '2' into Cantidad Solicitada, Jhon clicks on Agregar Productos al detalle, Jhon clicks on Cambiar la etapa de la orden de entrada, Jhon clicks on Lista de Cambiar la etapa de la orden de entrada, Jhon clicks on Finalizar la orden de entrada, Jhon clicks on Cerrar ventana despues de finalizar la orden, Jhon clicks on Procesos, Jhon clicks on Entrada de inventarios, Then Agregar Inventario should be an element that is enabled, Jhon clicks on Agregar Inventario, Then Buscar Numero de inventario should be an element that is enabled, Jhon clicks on Buscar Numero de inventario, Jhon enters 'OE-172' into Buscar Numero de inventario], Jhon entrada inventario], Entonces verifica que se creo correctamente
[Test worker] WARN net.thucydides.core.steps.BaseStepListener - TestOutcomes: [verificar el ingreso correcto a la plataforma y realizar la orden de entrada:Dado que jhon ingresa a la pagina smartstock [Jhon abrir pagina [Jhon opens the Login pagina, Jhon login [Jhon enters 'Administrador' into Ingresar Usuario, Jhon enters 'Demo123*' into Ingresar Password, Jhon clicks on Click Login]]], Cuando realiza la orden de entrada [Jhon orden entrada [Jhon clicks on Boton de ordenes, Jhon clicks on Boton orden de entrada, Then BOTON DE AGREGAR ORDEN DE ENTRADA should be an element that is visible, Jhon clicks on BOTON DE AGREGAR ORDEN DE ENTRADA, Jhon clicks on Campo de bodega Destino, Jhon seleccion bodega [Jhon clicks on Bodega 2], Jhon clicks on Tipo de documento, Jhon clicks on Documento, Jhon clicks on Tipo de proveedor, Jhon clicks on proveedor, Jhon clicks on Dirección entrega, Jhon enters 'Cll QA n Test' into Dirección entrega, Jhon enters '21/12/2023' into Fecha entrega, Jhon enters 'Comercial' into Condición comercial, Jhon enters 'Doc' into Doc. relacionado, Jhon enters 'Observacion' into Doc. Observación, Jhon clicks on Doc. Guardar orden de compra, Jhon agregardetalles [Jhon enters 'FEFO' into Desc. ítem, Jhon clicks on Lista Desc. ítem], Jhon clicks on División Destino, Jhon enters 'Almacenamiento' into División Destino, Jhon clicks on División Destino, Jhon enters '2' into Cantidad Solicitada, Jhon clicks on Agregar Productos al detalle, Jhon clicks on Cambiar la etapa de la orden de entrada, Jhon clicks on Lista de Cambiar la etapa de la orden de entrada, Jhon clicks on Finalizar la orden de entrada, Jhon clicks on Cerrar ventana despues de finalizar la orden, Jhon clicks on Procesos, Jhon clicks on Entrada de inventarios, Then Agregar Inventario should be an element that is enabled, Jhon clicks on Agregar Inventario, Then Buscar Numero de inventario should be an element that is enabled, Jhon clicks on Buscar Numero de inventario, Jhon enters 'OE-172' into Buscar Numero de inventario], Jhon entrada inventario], Entonces verifica que se creo correctamente]
[Test worker] WARN net.thucydides.core.steps.BaseStepListener - Final testOutcomes: [verificar el ingreso correcto a la plataforma y realizar la orden de entrada:Dado que jhon ingresa a la pagina smartstock [Jhon abrir pagina [Jhon opens the Login pagina, Jhon login [Jhon enters 'Administrador' into Ingresar Usuario, Jhon enters 'Demo123*' into Ingresar Password, Jhon clicks on Click Login]]], Cuando realiza la orden de entrada [Jhon orden entrada [Jhon clicks on Boton de ordenes, Jhon clicks on Boton orden de entrada, Then BOTON DE AGREGAR ORDEN DE ENTRADA should be an element that is visible, Jhon clicks on BOTON DE AGREGAR ORDEN DE ENTRADA, Jhon clicks on Campo de bodega Destino, Jhon seleccion bodega [Jhon clicks on Bodega 2], Jhon clicks on Tipo de documento, Jhon clicks on Documento, Jhon clicks on Tipo de proveedor, Jhon clicks on proveedor, Jhon clicks on Dirección entrega, Jhon enters 'Cll QA n Test' into Dirección entrega, Jhon enters '21/12/2023' into Fecha entrega, Jhon enters 'Comercial' into Condición comercial, Jhon enters 'Doc' into Doc. relacionado, Jhon enters 'Observacion' into Doc. Observación, Jhon clicks on Doc. Guardar orden de compra, Jhon agregardetalles [Jhon enters 'FEFO' into Desc. ítem, Jhon clicks on Lista Desc. ítem], Jhon clicks on División Destino, Jhon enters 'Almacenamiento' into División Destino, Jhon clicks on División Destino, Jhon enters '2' into Cantidad Solicitada, Jhon clicks on Agregar Productos al detalle, Jhon clicks on Cambiar la etapa de la orden de entrada, Jhon clicks on Lista de Cambiar la etapa de la orden de entrada, Jhon clicks on Finalizar la orden de entrada, Jhon clicks on Cerrar ventana despues de finalizar la orden, Jhon clicks on Procesos, Jhon clicks on Entrada de inventarios, Then Agregar Inventario should be an element that is enabled, Jhon clicks on Agregar Inventario, Then Buscar Numero de inventario should be an element that is enabled, Jhon clicks on Buscar Numero de inventario, Jhon enters 'OE-172' into Buscar Numero de inventario], Jhon entrada inventario], Entonces verifica que se creo correctamente]
[Test worker] INFO net.thucydides.core.steps.ConsoleLoggingListener - 
        __    _____ _____ ____ _____   ____   _    ____  ____  _____ ____  
  _     \ \  |_   _| ____/ ___|_   _| |  _ \ / \  / ___|/ ___|| ____|  _ \ 
 (_)_____| |   | | |  _| \___ \ | |   | |_) / _ \ \___ \\___ \|  _| | | | |
  _|_____| |   | | | |___ ___) || |   |  __/ ___ \ ___) |___) | |___| |_| |
 (_)     | |   |_| |_____|____/ |_|   |_| /_/   \_\____/|____/|_____|____/ 
        /_/                                                                

TEST PASSED: verificar el ingreso correcto a la plataforma y realizar la orden de entrada
----------------------------------------------------------------------------
]]></system-err>
</testsuite>
