<?xml version="1.0" encoding="UTF-8"?>
<testsuite name="Verificar el ingreso correcto y realizar la orden de entrada" tests="1" skipped="0" failures="0" errors="0" timestamp="2023-02-28T23:46:56" hostname="LTBG60836" time="40.501">
  <properties/>
  <testcase name="verificar el ingreso correcto a la plataforma y realizar la orden de entrada" classname="Verificar el ingreso correcto y realizar la orden de entrada" time="40.501"/>
  <system-out><![CDATA[Numero de Ordenes Obtenida : 1
Nombre de Orden Obtenida : OE-146
]]></system-out>
  <system-err><![CDATA[[Test worker] WARN net.thucydides.core.steps.BaseStepListener - stepStarted: net.thucydides.core.steps.ExecutedStepDescription@332a7fce
[Test worker] WARN net.thucydides.core.steps.BaseStepListener - stepStarted: net.thucydides.core.steps.ExecutedStepDescription@5cdf39b2
[Test worker] WARN net.thucydides.core.steps.BaseStepListener - stepStarted: net.thucydides.core.steps.ExecutedStepDescription@76c52298
feb 28, 2023 6:46:57 PM org.openqa.selenium.remote.DesiredCapabilities chrome
INFORMACIÓN: Using `new ChromeOptions()` is preferred to `DesiredCapabilities.chrome()`
[Test worker] INFO net.serenitybdd.core.webdriver.driverproviders.ProvideNewDriver - Instantiating driver
[Test worker] INFO net.serenitybdd.core.webdriver.driverproviders.ProvideNewDriver - Driver capabilities: Capabilities {acceptInsecureCerts: false, acceptSslCerts: true, browserName: chrome, chrome.switches: --disable-extensions,--star..., goog:chromeOptions: {args: [--disable-extensions, --start-maximized, --test-type, --user-agent=New User Agent], extensions: [], prefs: {pdfjs.disabled: true, profile_default_content_settings.popups: 0}}, handlesAlerts: true, loggingPrefs: org.openqa.selenium.logging..., platform: ANY, version: }
Starting ChromeDriver 109.0.5414.74 (e7c5703604daa9cc128ccf5a5d3e993513758913-refs/branch-heads/5414@{#1172}) on port 47304
Only local connections are allowed.
Please see https://chromedriver.chromium.org/security-considerations for suggestions on keeping ChromeDriver safe.
ChromeDriver was started successfully.
[1677628021.269][WARNING]: This version of ChromeDriver has not been tested with Chrome version 110.
feb 28, 2023 6:47:01 PM org.openqa.selenium.remote.ProtocolHandshake createSession
INFORMACIÓN: Detected dialect: W3C
[Test worker] WARN net.thucydides.core.steps.BaseStepListener - stepFinished: current outcome:verificar el ingreso correcto a la plataforma y realizar la orden de entrada:Dado que jhon ingresa a la pagina smartstock [Jhon abrir pagina [Jhon opens the Login pagina]]
[Test worker] WARN net.thucydides.core.steps.BaseStepListener - stepStarted: net.thucydides.core.steps.ExecutedStepDescription@7b61bf11
[Test worker] WARN net.thucydides.core.steps.BaseStepListener - stepStarted: net.thucydides.core.steps.ExecutedStepDescription@6968c1d6
[Test worker] WARN net.thucydides.core.steps.BaseStepListener - stepFinished: current outcome:verificar el ingreso correcto a la plataforma y realizar la orden de entrada:Dado que jhon ingresa a la pagina smartstock [Jhon abrir pagina [Jhon opens the Login pagina, Jhon login [Jhon enters 'Administrador' into Ingresar Usuario]]]
[Test worker] WARN net.thucydides.core.steps.BaseStepListener - stepStarted: net.thucydides.core.steps.ExecutedStepDescription@41fa769c
[Test worker] WARN net.thucydides.core.steps.BaseStepListener - stepFinished: current outcome:verificar el ingreso correcto a la plataforma y realizar la orden de entrada:Dado que jhon ingresa a la pagina smartstock [Jhon abrir pagina [Jhon opens the Login pagina, Jhon login [Jhon enters 'Administrador' into Ingresar Usuario, Jhon enters 'Demo123*' into Ingresar Password]]]
[Test worker] WARN net.thucydides.core.steps.BaseStepListener - stepStarted: net.thucydides.core.steps.ExecutedStepDescription@626c19cf
[Test worker] WARN net.thucydides.core.steps.BaseStepListener - stepFinished: current outcome:verificar el ingreso correcto a la plataforma y realizar la orden de entrada:Dado que jhon ingresa a la pagina smartstock [Jhon abrir pagina [Jhon opens the Login pagina, Jhon login [Jhon enters 'Administrador' into Ingresar Usuario, Jhon enters 'Demo123*' into Ingresar Password, Jhon clicks on Click Login]]]
[Test worker] WARN net.thucydides.core.steps.BaseStepListener - stepFinished: current outcome:verificar el ingreso correcto a la plataforma y realizar la orden de entrada:Dado que jhon ingresa a la pagina smartstock [Jhon abrir pagina [Jhon opens the Login pagina, Jhon login [Jhon enters 'Administrador' into Ingresar Usuario, Jhon enters 'Demo123*' into Ingresar Password, Jhon clicks on Click Login]]]
[Test worker] WARN net.thucydides.core.steps.BaseStepListener - stepFinished: current outcome:verificar el ingreso correcto a la plataforma y realizar la orden de entrada:Dado que jhon ingresa a la pagina smartstock [Jhon abrir pagina [Jhon opens the Login pagina, Jhon login [Jhon enters 'Administrador' into Ingresar Usuario, Jhon enters 'Demo123*' into Ingresar Password, Jhon clicks on Click Login]]]
[Test worker] WARN net.thucydides.core.steps.BaseStepListener - stepFinished: current outcome:verificar el ingreso correcto a la plataforma y realizar la orden de entrada:Dado que jhon ingresa a la pagina smartstock [Jhon abrir pagina [Jhon opens the Login pagina, Jhon login [Jhon enters 'Administrador' into Ingresar Usuario, Jhon enters 'Demo123*' into Ingresar Password, Jhon clicks on Click Login]]]
[Test worker] WARN net.thucydides.core.steps.BaseStepListener - stepStarted: net.thucydides.core.steps.ExecutedStepDescription@77c3c037
[Test worker] WARN net.thucydides.core.steps.BaseStepListener - stepStarted: net.thucydides.core.steps.ExecutedStepDescription@106b014e
[Test worker] WARN net.thucydides.core.steps.BaseStepListener - stepStarted: net.thucydides.core.steps.ExecutedStepDescription@839df62
[Test worker] WARN net.thucydides.core.steps.BaseStepListener - stepFinished: current outcome:verificar el ingreso correcto a la plataforma y realizar la orden de entrada:Dado que jhon ingresa a la pagina smartstock [Jhon abrir pagina [Jhon opens the Login pagina, Jhon login [Jhon enters 'Administrador' into Ingresar Usuario, Jhon enters 'Demo123*' into Ingresar Password, Jhon clicks on Click Login]]], Cuando realiza la orden de entrada [Jhon orden entrada [Jhon clicks on Boton de ordenes]]
[Test worker] WARN net.thucydides.core.steps.BaseStepListener - stepStarted: net.thucydides.core.steps.ExecutedStepDescription@7a687d8d
[Test worker] WARN net.thucydides.core.steps.BaseStepListener - stepFinished: current outcome:verificar el ingreso correcto a la plataforma y realizar la orden de entrada:Dado que jhon ingresa a la pagina smartstock [Jhon abrir pagina [Jhon opens the Login pagina, Jhon login [Jhon enters 'Administrador' into Ingresar Usuario, Jhon enters 'Demo123*' into Ingresar Password, Jhon clicks on Click Login]]], Cuando realiza la orden de entrada [Jhon orden entrada [Jhon clicks on Boton de ordenes, Jhon clicks on Boton orden de entrada]]
[Test worker] WARN net.thucydides.core.steps.BaseStepListener - stepStarted: net.thucydides.core.steps.ExecutedStepDescription@40ce9049
[Test worker] WARN net.thucydides.core.steps.BaseStepListener - stepFinished: current outcome:verificar el ingreso correcto a la plataforma y realizar la orden de entrada:Dado que jhon ingresa a la pagina smartstock [Jhon abrir pagina [Jhon opens the Login pagina, Jhon login [Jhon enters 'Administrador' into Ingresar Usuario, Jhon enters 'Demo123*' into Ingresar Password, Jhon clicks on Click Login]]], Cuando realiza la orden de entrada [Jhon orden entrada [Jhon clicks on Boton de ordenes, Jhon clicks on Boton orden de entrada, Then BOTON DE AGREGAR ORDEN DE ENTRADA should be an element that is visible]]
[Test worker] WARN net.thucydides.core.steps.BaseStepListener - stepStarted: net.thucydides.core.steps.ExecutedStepDescription@2b80e5a9
[Test worker] WARN net.thucydides.core.steps.BaseStepListener - stepFinished: current outcome:verificar el ingreso correcto a la plataforma y realizar la orden de entrada:Dado que jhon ingresa a la pagina smartstock [Jhon abrir pagina [Jhon opens the Login pagina, Jhon login [Jhon enters 'Administrador' into Ingresar Usuario, Jhon enters 'Demo123*' into Ingresar Password, Jhon clicks on Click Login]]], Cuando realiza la orden de entrada [Jhon orden entrada [Jhon clicks on Boton de ordenes, Jhon clicks on Boton orden de entrada, Then BOTON DE AGREGAR ORDEN DE ENTRADA should be an element that is visible, Jhon clicks on BOTON DE AGREGAR ORDEN DE ENTRADA]]
[Test worker] WARN net.thucydides.core.steps.BaseStepListener - stepStarted: net.thucydides.core.steps.ExecutedStepDescription@6010d0d1
[Test worker] WARN net.thucydides.core.steps.BaseStepListener - stepFinished: current outcome:verificar el ingreso correcto a la plataforma y realizar la orden de entrada:Dado que jhon ingresa a la pagina smartstock [Jhon abrir pagina [Jhon opens the Login pagina, Jhon login [Jhon enters 'Administrador' into Ingresar Usuario, Jhon enters 'Demo123*' into Ingresar Password, Jhon clicks on Click Login]]], Cuando realiza la orden de entrada [Jhon orden entrada [Jhon clicks on Boton de ordenes, Jhon clicks on Boton orden de entrada, Then BOTON DE AGREGAR ORDEN DE ENTRADA should be an element that is visible, Jhon clicks on BOTON DE AGREGAR ORDEN DE ENTRADA, Jhon clicks on Campo de bodega Destino]]
[Test worker] WARN net.thucydides.core.steps.BaseStepListener - stepStarted: net.thucydides.core.steps.ExecutedStepDescription@6acffb2d
[Test worker] WARN net.thucydides.core.steps.BaseStepListener - stepStarted: net.thucydides.core.steps.ExecutedStepDescription@1953bc95
[Test worker] WARN net.thucydides.core.steps.BaseStepListener - stepFinished: current outcome:verificar el ingreso correcto a la plataforma y realizar la orden de entrada:Dado que jhon ingresa a la pagina smartstock [Jhon abrir pagina [Jhon opens the Login pagina, Jhon login [Jhon enters 'Administrador' into Ingresar Usuario, Jhon enters 'Demo123*' into Ingresar Password, Jhon clicks on Click Login]]], Cuando realiza la orden de entrada [Jhon orden entrada [Jhon clicks on Boton de ordenes, Jhon clicks on Boton orden de entrada, Then BOTON DE AGREGAR ORDEN DE ENTRADA should be an element that is visible, Jhon clicks on BOTON DE AGREGAR ORDEN DE ENTRADA, Jhon clicks on Campo de bodega Destino, Jhon seleccion bodega [Jhon clicks on Bodega 2]]]
[Test worker] WARN net.thucydides.core.steps.BaseStepListener - stepFinished: current outcome:verificar el ingreso correcto a la plataforma y realizar la orden de entrada:Dado que jhon ingresa a la pagina smartstock [Jhon abrir pagina [Jhon opens the Login pagina, Jhon login [Jhon enters 'Administrador' into Ingresar Usuario, Jhon enters 'Demo123*' into Ingresar Password, Jhon clicks on Click Login]]], Cuando realiza la orden de entrada [Jhon orden entrada [Jhon clicks on Boton de ordenes, Jhon clicks on Boton orden de entrada, Then BOTON DE AGREGAR ORDEN DE ENTRADA should be an element that is visible, Jhon clicks on BOTON DE AGREGAR ORDEN DE ENTRADA, Jhon clicks on Campo de bodega Destino, Jhon seleccion bodega [Jhon clicks on Bodega 2]]]
[Test worker] WARN net.thucydides.core.steps.BaseStepListener - stepStarted: net.thucydides.core.steps.ExecutedStepDescription@f613067
[Test worker] WARN net.thucydides.core.steps.BaseStepListener - stepFinished: current outcome:verificar el ingreso correcto a la plataforma y realizar la orden de entrada:Dado que jhon ingresa a la pagina smartstock [Jhon abrir pagina [Jhon opens the Login pagina, Jhon login [Jhon enters 'Administrador' into Ingresar Usuario, Jhon enters 'Demo123*' into Ingresar Password, Jhon clicks on Click Login]]], Cuando realiza la orden de entrada [Jhon orden entrada [Jhon clicks on Boton de ordenes, Jhon clicks on Boton orden de entrada, Then BOTON DE AGREGAR ORDEN DE ENTRADA should be an element that is visible, Jhon clicks on BOTON DE AGREGAR ORDEN DE ENTRADA, Jhon clicks on Campo de bodega Destino, Jhon seleccion bodega [Jhon clicks on Bodega 2], Jhon clicks on Tipo de documento]]
[Test worker] WARN net.thucydides.core.steps.BaseStepListener - stepStarted: net.thucydides.core.steps.ExecutedStepDescription@46320c9a
[Test worker] WARN net.thucydides.core.steps.BaseStepListener - stepFinished: current outcome:verificar el ingreso correcto a la plataforma y realizar la orden de entrada:Dado que jhon ingresa a la pagina smartstock [Jhon abrir pagina [Jhon opens the Login pagina, Jhon login [Jhon enters 'Administrador' into Ingresar Usuario, Jhon enters 'Demo123*' into Ingresar Password, Jhon clicks on Click Login]]], Cuando realiza la orden de entrada [Jhon orden entrada [Jhon clicks on Boton de ordenes, Jhon clicks on Boton orden de entrada, Then BOTON DE AGREGAR ORDEN DE ENTRADA should be an element that is visible, Jhon clicks on BOTON DE AGREGAR ORDEN DE ENTRADA, Jhon clicks on Campo de bodega Destino, Jhon seleccion bodega [Jhon clicks on Bodega 2], Jhon clicks on Tipo de documento, Jhon clicks on Documento]]
[Test worker] WARN net.thucydides.core.steps.BaseStepListener - stepStarted: net.thucydides.core.steps.ExecutedStepDescription@73e776b7
[Test worker] WARN net.thucydides.core.steps.BaseStepListener - stepFinished: current outcome:verificar el ingreso correcto a la plataforma y realizar la orden de entrada:Dado que jhon ingresa a la pagina smartstock [Jhon abrir pagina [Jhon opens the Login pagina, Jhon login [Jhon enters 'Administrador' into Ingresar Usuario, Jhon enters 'Demo123*' into Ingresar Password, Jhon clicks on Click Login]]], Cuando realiza la orden de entrada [Jhon orden entrada [Jhon clicks on Boton de ordenes, Jhon clicks on Boton orden de entrada, Then BOTON DE AGREGAR ORDEN DE ENTRADA should be an element that is visible, Jhon clicks on BOTON DE AGREGAR ORDEN DE ENTRADA, Jhon clicks on Campo de bodega Destino, Jhon seleccion bodega [Jhon clicks on Bodega 2], Jhon clicks on Tipo de documento, Jhon clicks on Documento, Jhon clicks on Tipo de proveedor]]
[Test worker] WARN net.thucydides.core.steps.BaseStepListener - stepStarted: net.thucydides.core.steps.ExecutedStepDescription@eed890d
[Test worker] WARN net.thucydides.core.steps.BaseStepListener - stepFinished: current outcome:verificar el ingreso correcto a la plataforma y realizar la orden de entrada:Dado que jhon ingresa a la pagina smartstock [Jhon abrir pagina [Jhon opens the Login pagina, Jhon login [Jhon enters 'Administrador' into Ingresar Usuario, Jhon enters 'Demo123*' into Ingresar Password, Jhon clicks on Click Login]]], Cuando realiza la orden de entrada [Jhon orden entrada [Jhon clicks on Boton de ordenes, Jhon clicks on Boton orden de entrada, Then BOTON DE AGREGAR ORDEN DE ENTRADA should be an element that is visible, Jhon clicks on BOTON DE AGREGAR ORDEN DE ENTRADA, Jhon clicks on Campo de bodega Destino, Jhon seleccion bodega [Jhon clicks on Bodega 2], Jhon clicks on Tipo de documento, Jhon clicks on Documento, Jhon clicks on Tipo de proveedor, Jhon clicks on proveedor]]
[Test worker] WARN net.thucydides.core.steps.BaseStepListener - stepStarted: net.thucydides.core.steps.ExecutedStepDescription@4bf03fee
[Test worker] WARN net.thucydides.core.steps.BaseStepListener - stepFinished: current outcome:verificar el ingreso correcto a la plataforma y realizar la orden de entrada:Dado que jhon ingresa a la pagina smartstock [Jhon abrir pagina [Jhon opens the Login pagina, Jhon login [Jhon enters 'Administrador' into Ingresar Usuario, Jhon enters 'Demo123*' into Ingresar Password, Jhon clicks on Click Login]]], Cuando realiza la orden de entrada [Jhon orden entrada [Jhon clicks on Boton de ordenes, Jhon clicks on Boton orden de entrada, Then BOTON DE AGREGAR ORDEN DE ENTRADA should be an element that is visible, Jhon clicks on BOTON DE AGREGAR ORDEN DE ENTRADA, Jhon clicks on Campo de bodega Destino, Jhon seleccion bodega [Jhon clicks on Bodega 2], Jhon clicks on Tipo de documento, Jhon clicks on Documento, Jhon clicks on Tipo de proveedor, Jhon clicks on proveedor, Jhon clicks on DirecciÃ³n entrega]]
[Test worker] WARN net.thucydides.core.steps.BaseStepListener - stepStarted: net.thucydides.core.steps.ExecutedStepDescription@cbd40c1
[Test worker] WARN net.thucydides.core.steps.BaseStepListener - stepFinished: current outcome:verificar el ingreso correcto a la plataforma y realizar la orden de entrada:Dado que jhon ingresa a la pagina smartstock [Jhon abrir pagina [Jhon opens the Login pagina, Jhon login [Jhon enters 'Administrador' into Ingresar Usuario, Jhon enters 'Demo123*' into Ingresar Password, Jhon clicks on Click Login]]], Cuando realiza la orden de entrada [Jhon orden entrada [Jhon clicks on Boton de ordenes, Jhon clicks on Boton orden de entrada, Then BOTON DE AGREGAR ORDEN DE ENTRADA should be an element that is visible, Jhon clicks on BOTON DE AGREGAR ORDEN DE ENTRADA, Jhon clicks on Campo de bodega Destino, Jhon seleccion bodega [Jhon clicks on Bodega 2], Jhon clicks on Tipo de documento, Jhon clicks on Documento, Jhon clicks on Tipo de proveedor, Jhon clicks on proveedor, Jhon clicks on DirecciÃ³n entrega, Jhon enters 'Cll QA n Test' into DirecciÃ³n entrega]]
[Test worker] WARN net.thucydides.core.steps.BaseStepListener - stepStarted: net.thucydides.core.steps.ExecutedStepDescription@21a46ff1
[Test worker] WARN net.thucydides.core.steps.BaseStepListener - stepFinished: current outcome:verificar el ingreso correcto a la plataforma y realizar la orden de entrada:Dado que jhon ingresa a la pagina smartstock [Jhon abrir pagina [Jhon opens the Login pagina, Jhon login [Jhon enters 'Administrador' into Ingresar Usuario, Jhon enters 'Demo123*' into Ingresar Password, Jhon clicks on Click Login]]], Cuando realiza la orden de entrada [Jhon orden entrada [Jhon clicks on Boton de ordenes, Jhon clicks on Boton orden de entrada, Then BOTON DE AGREGAR ORDEN DE ENTRADA should be an element that is visible, Jhon clicks on BOTON DE AGREGAR ORDEN DE ENTRADA, Jhon clicks on Campo de bodega Destino, Jhon seleccion bodega [Jhon clicks on Bodega 2], Jhon clicks on Tipo de documento, Jhon clicks on Documento, Jhon clicks on Tipo de proveedor, Jhon clicks on proveedor, Jhon clicks on DirecciÃ³n entrega, Jhon enters 'Cll QA n Test' into DirecciÃ³n entrega, Jhon enters '21/12/2023' into Fecha entrega]]
[Test worker] WARN net.thucydides.core.steps.BaseStepListener - stepStarted: net.thucydides.core.steps.ExecutedStepDescription@4c319d52
[Test worker] WARN net.thucydides.core.steps.BaseStepListener - stepFinished: current outcome:verificar el ingreso correcto a la plataforma y realizar la orden de entrada:Dado que jhon ingresa a la pagina smartstock [Jhon abrir pagina [Jhon opens the Login pagina, Jhon login [Jhon enters 'Administrador' into Ingresar Usuario, Jhon enters 'Demo123*' into Ingresar Password, Jhon clicks on Click Login]]], Cuando realiza la orden de entrada [Jhon orden entrada [Jhon clicks on Boton de ordenes, Jhon clicks on Boton orden de entrada, Then BOTON DE AGREGAR ORDEN DE ENTRADA should be an element that is visible, Jhon clicks on BOTON DE AGREGAR ORDEN DE ENTRADA, Jhon clicks on Campo de bodega Destino, Jhon seleccion bodega [Jhon clicks on Bodega 2], Jhon clicks on Tipo de documento, Jhon clicks on Documento, Jhon clicks on Tipo de proveedor, Jhon clicks on proveedor, Jhon clicks on DirecciÃ³n entrega, Jhon enters 'Cll QA n Test' into DirecciÃ³n entrega, Jhon enters '21/12/2023' into Fecha entrega, Jhon enters 'Comercial' into CondiciÃ³n comercial]]
[Test worker] WARN net.thucydides.core.steps.BaseStepListener - stepStarted: net.thucydides.core.steps.ExecutedStepDescription@265c1a7c
[Test worker] WARN net.thucydides.core.steps.BaseStepListener - stepFinished: current outcome:verificar el ingreso correcto a la plataforma y realizar la orden de entrada:Dado que jhon ingresa a la pagina smartstock [Jhon abrir pagina [Jhon opens the Login pagina, Jhon login [Jhon enters 'Administrador' into Ingresar Usuario, Jhon enters 'Demo123*' into Ingresar Password, Jhon clicks on Click Login]]], Cuando realiza la orden de entrada [Jhon orden entrada [Jhon clicks on Boton de ordenes, Jhon clicks on Boton orden de entrada, Then BOTON DE AGREGAR ORDEN DE ENTRADA should be an element that is visible, Jhon clicks on BOTON DE AGREGAR ORDEN DE ENTRADA, Jhon clicks on Campo de bodega Destino, Jhon seleccion bodega [Jhon clicks on Bodega 2], Jhon clicks on Tipo de documento, Jhon clicks on Documento, Jhon clicks on Tipo de proveedor, Jhon clicks on proveedor, Jhon clicks on DirecciÃ³n entrega, Jhon enters 'Cll QA n Test' into DirecciÃ³n entrega, Jhon enters '21/12/2023' into Fecha entrega, Jhon enters 'Comercial' into CondiciÃ³n comercial, Jhon enters 'Doc' into Doc. relacionado]]
[Test worker] WARN net.thucydides.core.steps.BaseStepListener - stepStarted: net.thucydides.core.steps.ExecutedStepDescription@3757e8e2
[Test worker] WARN net.thucydides.core.steps.BaseStepListener - stepFinished: current outcome:verificar el ingreso correcto a la plataforma y realizar la orden de entrada:Dado que jhon ingresa a la pagina smartstock [Jhon abrir pagina [Jhon opens the Login pagina, Jhon login [Jhon enters 'Administrador' into Ingresar Usuario, Jhon enters 'Demo123*' into Ingresar Password, Jhon clicks on Click Login]]], Cuando realiza la orden de entrada [Jhon orden entrada [Jhon clicks on Boton de ordenes, Jhon clicks on Boton orden de entrada, Then BOTON DE AGREGAR ORDEN DE ENTRADA should be an element that is visible, Jhon clicks on BOTON DE AGREGAR ORDEN DE ENTRADA, Jhon clicks on Campo de bodega Destino, Jhon seleccion bodega [Jhon clicks on Bodega 2], Jhon clicks on Tipo de documento, Jhon clicks on Documento, Jhon clicks on Tipo de proveedor, Jhon clicks on proveedor, Jhon clicks on DirecciÃ³n entrega, Jhon enters 'Cll QA n Test' into DirecciÃ³n entrega, Jhon enters '21/12/2023' into Fecha entrega, Jhon enters 'Comercial' into CondiciÃ³n comercial, Jhon enters 'Doc' into Doc. relacionado, Jhon enters 'Observacion' into Doc. ObservaciÃ³n]]
[Test worker] WARN net.thucydides.core.steps.BaseStepListener - stepStarted: net.thucydides.core.steps.ExecutedStepDescription@250d440
[Test worker] WARN net.thucydides.core.steps.BaseStepListener - stepFinished: current outcome:verificar el ingreso correcto a la plataforma y realizar la orden de entrada:Dado que jhon ingresa a la pagina smartstock [Jhon abrir pagina [Jhon opens the Login pagina, Jhon login [Jhon enters 'Administrador' into Ingresar Usuario, Jhon enters 'Demo123*' into Ingresar Password, Jhon clicks on Click Login]]], Cuando realiza la orden de entrada [Jhon orden entrada [Jhon clicks on Boton de ordenes, Jhon clicks on Boton orden de entrada, Then BOTON DE AGREGAR ORDEN DE ENTRADA should be an element that is visible, Jhon clicks on BOTON DE AGREGAR ORDEN DE ENTRADA, Jhon clicks on Campo de bodega Destino, Jhon seleccion bodega [Jhon clicks on Bodega 2], Jhon clicks on Tipo de documento, Jhon clicks on Documento, Jhon clicks on Tipo de proveedor, Jhon clicks on proveedor, Jhon clicks on DirecciÃ³n entrega, Jhon enters 'Cll QA n Test' into DirecciÃ³n entrega, Jhon enters '21/12/2023' into Fecha entrega, Jhon enters 'Comercial' into CondiciÃ³n comercial, Jhon enters 'Doc' into Doc. relacionado, Jhon enters 'Observacion' into Doc. ObservaciÃ³n, Jhon clicks on Doc. Guardar orden de compra]]
[Test worker] WARN net.thucydides.core.steps.BaseStepListener - stepStarted: net.thucydides.core.steps.ExecutedStepDescription@14efa279
[Test worker] WARN net.thucydides.core.steps.BaseStepListener - stepStarted: net.thucydides.core.steps.ExecutedStepDescription@1cd2ff5b
[Test worker] WARN net.thucydides.core.steps.BaseStepListener - stepFinished: current outcome:verificar el ingreso correcto a la plataforma y realizar la orden de entrada:Dado que jhon ingresa a la pagina smartstock [Jhon abrir pagina [Jhon opens the Login pagina, Jhon login [Jhon enters 'Administrador' into Ingresar Usuario, Jhon enters 'Demo123*' into Ingresar Password, Jhon clicks on Click Login]]], Cuando realiza la orden de entrada [Jhon orden entrada [Jhon clicks on Boton de ordenes, Jhon clicks on Boton orden de entrada, Then BOTON DE AGREGAR ORDEN DE ENTRADA should be an element that is visible, Jhon clicks on BOTON DE AGREGAR ORDEN DE ENTRADA, Jhon clicks on Campo de bodega Destino, Jhon seleccion bodega [Jhon clicks on Bodega 2], Jhon clicks on Tipo de documento, Jhon clicks on Documento, Jhon clicks on Tipo de proveedor, Jhon clicks on proveedor, Jhon clicks on DirecciÃ³n entrega, Jhon enters 'Cll QA n Test' into DirecciÃ³n entrega, Jhon enters '21/12/2023' into Fecha entrega, Jhon enters 'Comercial' into CondiciÃ³n comercial, Jhon enters 'Doc' into Doc. relacionado, Jhon enters 'Observacion' into Doc. ObservaciÃ³n, Jhon clicks on Doc. Guardar orden de compra, Jhon agregardetalles [Jhon enters 'FEFO' into Desc. Ã­tem]]]
[Test worker] WARN net.thucydides.core.steps.BaseStepListener - stepStarted: net.thucydides.core.steps.ExecutedStepDescription@4ffced4e
[Test worker] WARN net.thucydides.core.steps.BaseStepListener - stepFinished: current outcome:verificar el ingreso correcto a la plataforma y realizar la orden de entrada:Dado que jhon ingresa a la pagina smartstock [Jhon abrir pagina [Jhon opens the Login pagina, Jhon login [Jhon enters 'Administrador' into Ingresar Usuario, Jhon enters 'Demo123*' into Ingresar Password, Jhon clicks on Click Login]]], Cuando realiza la orden de entrada [Jhon orden entrada [Jhon clicks on Boton de ordenes, Jhon clicks on Boton orden de entrada, Then BOTON DE AGREGAR ORDEN DE ENTRADA should be an element that is visible, Jhon clicks on BOTON DE AGREGAR ORDEN DE ENTRADA, Jhon clicks on Campo de bodega Destino, Jhon seleccion bodega [Jhon clicks on Bodega 2], Jhon clicks on Tipo de documento, Jhon clicks on Documento, Jhon clicks on Tipo de proveedor, Jhon clicks on proveedor, Jhon clicks on DirecciÃ³n entrega, Jhon enters 'Cll QA n Test' into DirecciÃ³n entrega, Jhon enters '21/12/2023' into Fecha entrega, Jhon enters 'Comercial' into CondiciÃ³n comercial, Jhon enters 'Doc' into Doc. relacionado, Jhon enters 'Observacion' into Doc. ObservaciÃ³n, Jhon clicks on Doc. Guardar orden de compra, Jhon agregardetalles [Jhon enters 'FEFO' into Desc. Ã­tem, Jhon clicks on Lista Desc. Ã­tem]]]
[Test worker] WARN net.thucydides.core.steps.BaseStepListener - stepFinished: current outcome:verificar el ingreso correcto a la plataforma y realizar la orden de entrada:Dado que jhon ingresa a la pagina smartstock [Jhon abrir pagina [Jhon opens the Login pagina, Jhon login [Jhon enters 'Administrador' into Ingresar Usuario, Jhon enters 'Demo123*' into Ingresar Password, Jhon clicks on Click Login]]], Cuando realiza la orden de entrada [Jhon orden entrada [Jhon clicks on Boton de ordenes, Jhon clicks on Boton orden de entrada, Then BOTON DE AGREGAR ORDEN DE ENTRADA should be an element that is visible, Jhon clicks on BOTON DE AGREGAR ORDEN DE ENTRADA, Jhon clicks on Campo de bodega Destino, Jhon seleccion bodega [Jhon clicks on Bodega 2], Jhon clicks on Tipo de documento, Jhon clicks on Documento, Jhon clicks on Tipo de proveedor, Jhon clicks on proveedor, Jhon clicks on DirecciÃ³n entrega, Jhon enters 'Cll QA n Test' into DirecciÃ³n entrega, Jhon enters '21/12/2023' into Fecha entrega, Jhon enters 'Comercial' into CondiciÃ³n comercial, Jhon enters 'Doc' into Doc. relacionado, Jhon enters 'Observacion' into Doc. ObservaciÃ³n, Jhon clicks on Doc. Guardar orden de compra, Jhon agregardetalles [Jhon enters 'FEFO' into Desc. Ã­tem, Jhon clicks on Lista Desc. Ã­tem]]]
[Test worker] WARN net.thucydides.core.steps.BaseStepListener - stepStarted: net.thucydides.core.steps.ExecutedStepDescription@486bd064
[Test worker] WARN net.thucydides.core.steps.BaseStepListener - stepFinished: current outcome:verificar el ingreso correcto a la plataforma y realizar la orden de entrada:Dado que jhon ingresa a la pagina smartstock [Jhon abrir pagina [Jhon opens the Login pagina, Jhon login [Jhon enters 'Administrador' into Ingresar Usuario, Jhon enters 'Demo123*' into Ingresar Password, Jhon clicks on Click Login]]], Cuando realiza la orden de entrada [Jhon orden entrada [Jhon clicks on Boton de ordenes, Jhon clicks on Boton orden de entrada, Then BOTON DE AGREGAR ORDEN DE ENTRADA should be an element that is visible, Jhon clicks on BOTON DE AGREGAR ORDEN DE ENTRADA, Jhon clicks on Campo de bodega Destino, Jhon seleccion bodega [Jhon clicks on Bodega 2], Jhon clicks on Tipo de documento, Jhon clicks on Documento, Jhon clicks on Tipo de proveedor, Jhon clicks on proveedor, Jhon clicks on DirecciÃ³n entrega, Jhon enters 'Cll QA n Test' into DirecciÃ³n entrega, Jhon enters '21/12/2023' into Fecha entrega, Jhon enters 'Comercial' into CondiciÃ³n comercial, Jhon enters 'Doc' into Doc. relacionado, Jhon enters 'Observacion' into Doc. ObservaciÃ³n, Jhon clicks on Doc. Guardar orden de compra, Jhon agregardetalles [Jhon enters 'FEFO' into Desc. Ã­tem, Jhon clicks on Lista Desc. Ã­tem], Jhon clicks on DivisiÃ³n Destino]]
[Test worker] WARN net.thucydides.core.steps.BaseStepListener - stepStarted: net.thucydides.core.steps.ExecutedStepDescription@4aaecabd
[Test worker] WARN net.thucydides.core.steps.BaseStepListener - stepFinished: current outcome:verificar el ingreso correcto a la plataforma y realizar la orden de entrada:Dado que jhon ingresa a la pagina smartstock [Jhon abrir pagina [Jhon opens the Login pagina, Jhon login [Jhon enters 'Administrador' into Ingresar Usuario, Jhon enters 'Demo123*' into Ingresar Password, Jhon clicks on Click Login]]], Cuando realiza la orden de entrada [Jhon orden entrada [Jhon clicks on Boton de ordenes, Jhon clicks on Boton orden de entrada, Then BOTON DE AGREGAR ORDEN DE ENTRADA should be an element that is visible, Jhon clicks on BOTON DE AGREGAR ORDEN DE ENTRADA, Jhon clicks on Campo de bodega Destino, Jhon seleccion bodega [Jhon clicks on Bodega 2], Jhon clicks on Tipo de documento, Jhon clicks on Documento, Jhon clicks on Tipo de proveedor, Jhon clicks on proveedor, Jhon clicks on DirecciÃ³n entrega, Jhon enters 'Cll QA n Test' into DirecciÃ³n entrega, Jhon enters '21/12/2023' into Fecha entrega, Jhon enters 'Comercial' into CondiciÃ³n comercial, Jhon enters 'Doc' into Doc. relacionado, Jhon enters 'Observacion' into Doc. ObservaciÃ³n, Jhon clicks on Doc. Guardar orden de compra, Jhon agregardetalles [Jhon enters 'FEFO' into Desc. Ã­tem, Jhon clicks on Lista Desc. Ã­tem], Jhon clicks on DivisiÃ³n Destino, Jhon enters 'Almacenamiento' into DivisiÃ³n Destino]]
[Test worker] WARN net.thucydides.core.steps.BaseStepListener - stepStarted: net.thucydides.core.steps.ExecutedStepDescription@28768e25
[Test worker] WARN net.thucydides.core.steps.BaseStepListener - stepFinished: current outcome:verificar el ingreso correcto a la plataforma y realizar la orden de entrada:Dado que jhon ingresa a la pagina smartstock [Jhon abrir pagina [Jhon opens the Login pagina, Jhon login [Jhon enters 'Administrador' into Ingresar Usuario, Jhon enters 'Demo123*' into Ingresar Password, Jhon clicks on Click Login]]], Cuando realiza la orden de entrada [Jhon orden entrada [Jhon clicks on Boton de ordenes, Jhon clicks on Boton orden de entrada, Then BOTON DE AGREGAR ORDEN DE ENTRADA should be an element that is visible, Jhon clicks on BOTON DE AGREGAR ORDEN DE ENTRADA, Jhon clicks on Campo de bodega Destino, Jhon seleccion bodega [Jhon clicks on Bodega 2], Jhon clicks on Tipo de documento, Jhon clicks on Documento, Jhon clicks on Tipo de proveedor, Jhon clicks on proveedor, Jhon clicks on DirecciÃ³n entrega, Jhon enters 'Cll QA n Test' into DirecciÃ³n entrega, Jhon enters '21/12/2023' into Fecha entrega, Jhon enters 'Comercial' into CondiciÃ³n comercial, Jhon enters 'Doc' into Doc. relacionado, Jhon enters 'Observacion' into Doc. ObservaciÃ³n, Jhon clicks on Doc. Guardar orden de compra, Jhon agregardetalles [Jhon enters 'FEFO' into Desc. Ã­tem, Jhon clicks on Lista Desc. Ã­tem], Jhon clicks on DivisiÃ³n Destino, Jhon enters 'Almacenamiento' into DivisiÃ³n Destino, Jhon clicks on DivisiÃ³n Destino]]
[Test worker] WARN net.thucydides.core.steps.BaseStepListener - stepStarted: net.thucydides.core.steps.ExecutedStepDescription@234cd86c
[Test worker] WARN net.thucydides.core.steps.BaseStepListener - stepFinished: current outcome:verificar el ingreso correcto a la plataforma y realizar la orden de entrada:Dado que jhon ingresa a la pagina smartstock [Jhon abrir pagina [Jhon opens the Login pagina, Jhon login [Jhon enters 'Administrador' into Ingresar Usuario, Jhon enters 'Demo123*' into Ingresar Password, Jhon clicks on Click Login]]], Cuando realiza la orden de entrada [Jhon orden entrada [Jhon clicks on Boton de ordenes, Jhon clicks on Boton orden de entrada, Then BOTON DE AGREGAR ORDEN DE ENTRADA should be an element that is visible, Jhon clicks on BOTON DE AGREGAR ORDEN DE ENTRADA, Jhon clicks on Campo de bodega Destino, Jhon seleccion bodega [Jhon clicks on Bodega 2], Jhon clicks on Tipo de documento, Jhon clicks on Documento, Jhon clicks on Tipo de proveedor, Jhon clicks on proveedor, Jhon clicks on DirecciÃ³n entrega, Jhon enters 'Cll QA n Test' into DirecciÃ³n entrega, Jhon enters '21/12/2023' into Fecha entrega, Jhon enters 'Comercial' into CondiciÃ³n comercial, Jhon enters 'Doc' into Doc. relacionado, Jhon enters 'Observacion' into Doc. ObservaciÃ³n, Jhon clicks on Doc. Guardar orden de compra, Jhon agregardetalles [Jhon enters 'FEFO' into Desc. Ã­tem, Jhon clicks on Lista Desc. Ã­tem], Jhon clicks on DivisiÃ³n Destino, Jhon enters 'Almacenamiento' into DivisiÃ³n Destino, Jhon clicks on DivisiÃ³n Destino, Jhon enters '2' into Cantidad Solicitada]]
[Test worker] WARN net.thucydides.core.steps.BaseStepListener - stepStarted: net.thucydides.core.steps.ExecutedStepDescription@224d86d2
[Test worker] WARN net.thucydides.core.steps.BaseStepListener - stepFinished: current outcome:verificar el ingreso correcto a la plataforma y realizar la orden de entrada:Dado que jhon ingresa a la pagina smartstock [Jhon abrir pagina [Jhon opens the Login pagina, Jhon login [Jhon enters 'Administrador' into Ingresar Usuario, Jhon enters 'Demo123*' into Ingresar Password, Jhon clicks on Click Login]]], Cuando realiza la orden de entrada [Jhon orden entrada [Jhon clicks on Boton de ordenes, Jhon clicks on Boton orden de entrada, Then BOTON DE AGREGAR ORDEN DE ENTRADA should be an element that is visible, Jhon clicks on BOTON DE AGREGAR ORDEN DE ENTRADA, Jhon clicks on Campo de bodega Destino, Jhon seleccion bodega [Jhon clicks on Bodega 2], Jhon clicks on Tipo de documento, Jhon clicks on Documento, Jhon clicks on Tipo de proveedor, Jhon clicks on proveedor, Jhon clicks on DirecciÃ³n entrega, Jhon enters 'Cll QA n Test' into DirecciÃ³n entrega, Jhon enters '21/12/2023' into Fecha entrega, Jhon enters 'Comercial' into CondiciÃ³n comercial, Jhon enters 'Doc' into Doc. relacionado, Jhon enters 'Observacion' into Doc. ObservaciÃ³n, Jhon clicks on Doc. Guardar orden de compra, Jhon agregardetalles [Jhon enters 'FEFO' into Desc. Ã­tem, Jhon clicks on Lista Desc. Ã­tem], Jhon clicks on DivisiÃ³n Destino, Jhon enters 'Almacenamiento' into DivisiÃ³n Destino, Jhon clicks on DivisiÃ³n Destino, Jhon enters '2' into Cantidad Solicitada, Jhon clicks on Agregar Productos al detalle]]
[Test worker] WARN net.thucydides.core.steps.BaseStepListener - stepStarted: net.thucydides.core.steps.ExecutedStepDescription@1c7f9861
[Test worker] WARN net.thucydides.core.steps.BaseStepListener - stepFinished: current outcome:verificar el ingreso correcto a la plataforma y realizar la orden de entrada:Dado que jhon ingresa a la pagina smartstock [Jhon abrir pagina [Jhon opens the Login pagina, Jhon login [Jhon enters 'Administrador' into Ingresar Usuario, Jhon enters 'Demo123*' into Ingresar Password, Jhon clicks on Click Login]]], Cuando realiza la orden de entrada [Jhon orden entrada [Jhon clicks on Boton de ordenes, Jhon clicks on Boton orden de entrada, Then BOTON DE AGREGAR ORDEN DE ENTRADA should be an element that is visible, Jhon clicks on BOTON DE AGREGAR ORDEN DE ENTRADA, Jhon clicks on Campo de bodega Destino, Jhon seleccion bodega [Jhon clicks on Bodega 2], Jhon clicks on Tipo de documento, Jhon clicks on Documento, Jhon clicks on Tipo de proveedor, Jhon clicks on proveedor, Jhon clicks on DirecciÃ³n entrega, Jhon enters 'Cll QA n Test' into DirecciÃ³n entrega, Jhon enters '21/12/2023' into Fecha entrega, Jhon enters 'Comercial' into CondiciÃ³n comercial, Jhon enters 'Doc' into Doc. relacionado, Jhon enters 'Observacion' into Doc. ObservaciÃ³n, Jhon clicks on Doc. Guardar orden de compra, Jhon agregardetalles [Jhon enters 'FEFO' into Desc. Ã­tem, Jhon clicks on Lista Desc. Ã­tem], Jhon clicks on DivisiÃ³n Destino, Jhon enters 'Almacenamiento' into DivisiÃ³n Destino, Jhon clicks on DivisiÃ³n Destino, Jhon enters '2' into Cantidad Solicitada, Jhon clicks on Agregar Productos al detalle, Jhon clicks on Cambiar la etapa de la orden de entrada]]
[Test worker] WARN net.thucydides.core.steps.BaseStepListener - stepStarted: net.thucydides.core.steps.ExecutedStepDescription@222acad
[Test worker] WARN net.thucydides.core.steps.BaseStepListener - stepFinished: current outcome:verificar el ingreso correcto a la plataforma y realizar la orden de entrada:Dado que jhon ingresa a la pagina smartstock [Jhon abrir pagina [Jhon opens the Login pagina, Jhon login [Jhon enters 'Administrador' into Ingresar Usuario, Jhon enters 'Demo123*' into Ingresar Password, Jhon clicks on Click Login]]], Cuando realiza la orden de entrada [Jhon orden entrada [Jhon clicks on Boton de ordenes, Jhon clicks on Boton orden de entrada, Then BOTON DE AGREGAR ORDEN DE ENTRADA should be an element that is visible, Jhon clicks on BOTON DE AGREGAR ORDEN DE ENTRADA, Jhon clicks on Campo de bodega Destino, Jhon seleccion bodega [Jhon clicks on Bodega 2], Jhon clicks on Tipo de documento, Jhon clicks on Documento, Jhon clicks on Tipo de proveedor, Jhon clicks on proveedor, Jhon clicks on DirecciÃ³n entrega, Jhon enters 'Cll QA n Test' into DirecciÃ³n entrega, Jhon enters '21/12/2023' into Fecha entrega, Jhon enters 'Comercial' into CondiciÃ³n comercial, Jhon enters 'Doc' into Doc. relacionado, Jhon enters 'Observacion' into Doc. ObservaciÃ³n, Jhon clicks on Doc. Guardar orden de compra, Jhon agregardetalles [Jhon enters 'FEFO' into Desc. Ã­tem, Jhon clicks on Lista Desc. Ã­tem], Jhon clicks on DivisiÃ³n Destino, Jhon enters 'Almacenamiento' into DivisiÃ³n Destino, Jhon clicks on DivisiÃ³n Destino, Jhon enters '2' into Cantidad Solicitada, Jhon clicks on Agregar Productos al detalle, Jhon clicks on Cambiar la etapa de la orden de entrada, Jhon clicks on Lista de Cambiar la etapa de la orden de entrada]]
[Test worker] WARN net.thucydides.core.steps.BaseStepListener - stepStarted: net.thucydides.core.steps.ExecutedStepDescription@700b9e6b
[Test worker] WARN net.thucydides.core.steps.BaseStepListener - stepFinished: current outcome:verificar el ingreso correcto a la plataforma y realizar la orden de entrada:Dado que jhon ingresa a la pagina smartstock [Jhon abrir pagina [Jhon opens the Login pagina, Jhon login [Jhon enters 'Administrador' into Ingresar Usuario, Jhon enters 'Demo123*' into Ingresar Password, Jhon clicks on Click Login]]], Cuando realiza la orden de entrada [Jhon orden entrada [Jhon clicks on Boton de ordenes, Jhon clicks on Boton orden de entrada, Then BOTON DE AGREGAR ORDEN DE ENTRADA should be an element that is visible, Jhon clicks on BOTON DE AGREGAR ORDEN DE ENTRADA, Jhon clicks on Campo de bodega Destino, Jhon seleccion bodega [Jhon clicks on Bodega 2], Jhon clicks on Tipo de documento, Jhon clicks on Documento, Jhon clicks on Tipo de proveedor, Jhon clicks on proveedor, Jhon clicks on DirecciÃ³n entrega, Jhon enters 'Cll QA n Test' into DirecciÃ³n entrega, Jhon enters '21/12/2023' into Fecha entrega, Jhon enters 'Comercial' into CondiciÃ³n comercial, Jhon enters 'Doc' into Doc. relacionado, Jhon enters 'Observacion' into Doc. ObservaciÃ³n, Jhon clicks on Doc. Guardar orden de compra, Jhon agregardetalles [Jhon enters 'FEFO' into Desc. Ã­tem, Jhon clicks on Lista Desc. Ã­tem], Jhon clicks on DivisiÃ³n Destino, Jhon enters 'Almacenamiento' into DivisiÃ³n Destino, Jhon clicks on DivisiÃ³n Destino, Jhon enters '2' into Cantidad Solicitada, Jhon clicks on Agregar Productos al detalle, Jhon clicks on Cambiar la etapa de la orden de entrada, Jhon clicks on Lista de Cambiar la etapa de la orden de entrada, Jhon clicks on Finalizar la orden de entrada]]
[Test worker] WARN net.thucydides.core.steps.BaseStepListener - stepStarted: net.thucydides.core.steps.ExecutedStepDescription@5d2a86c0
[Test worker] WARN net.thucydides.core.steps.BaseStepListener - stepFinished: current outcome:verificar el ingreso correcto a la plataforma y realizar la orden de entrada:Dado que jhon ingresa a la pagina smartstock [Jhon abrir pagina [Jhon opens the Login pagina, Jhon login [Jhon enters 'Administrador' into Ingresar Usuario, Jhon enters 'Demo123*' into Ingresar Password, Jhon clicks on Click Login]]], Cuando realiza la orden de entrada [Jhon orden entrada [Jhon clicks on Boton de ordenes, Jhon clicks on Boton orden de entrada, Then BOTON DE AGREGAR ORDEN DE ENTRADA should be an element that is visible, Jhon clicks on BOTON DE AGREGAR ORDEN DE ENTRADA, Jhon clicks on Campo de bodega Destino, Jhon seleccion bodega [Jhon clicks on Bodega 2], Jhon clicks on Tipo de documento, Jhon clicks on Documento, Jhon clicks on Tipo de proveedor, Jhon clicks on proveedor, Jhon clicks on DirecciÃ³n entrega, Jhon enters 'Cll QA n Test' into DirecciÃ³n entrega, Jhon enters '21/12/2023' into Fecha entrega, Jhon enters 'Comercial' into CondiciÃ³n comercial, Jhon enters 'Doc' into Doc. relacionado, Jhon enters 'Observacion' into Doc. ObservaciÃ³n, Jhon clicks on Doc. Guardar orden de compra, Jhon agregardetalles [Jhon enters 'FEFO' into Desc. Ã­tem, Jhon clicks on Lista Desc. Ã­tem], Jhon clicks on DivisiÃ³n Destino, Jhon enters 'Almacenamiento' into DivisiÃ³n Destino, Jhon clicks on DivisiÃ³n Destino, Jhon enters '2' into Cantidad Solicitada, Jhon clicks on Agregar Productos al detalle, Jhon clicks on Cambiar la etapa de la orden de entrada, Jhon clicks on Lista de Cambiar la etapa de la orden de entrada, Jhon clicks on Finalizar la orden de entrada, Jhon clicks on Cerrar ventana despues de finalizar la orden]]
[Test worker] WARN net.thucydides.core.steps.BaseStepListener - stepFinished: current outcome:verificar el ingreso correcto a la plataforma y realizar la orden de entrada:Dado que jhon ingresa a la pagina smartstock [Jhon abrir pagina [Jhon opens the Login pagina, Jhon login [Jhon enters 'Administrador' into Ingresar Usuario, Jhon enters 'Demo123*' into Ingresar Password, Jhon clicks on Click Login]]], Cuando realiza la orden de entrada [Jhon orden entrada [Jhon clicks on Boton de ordenes, Jhon clicks on Boton orden de entrada, Then BOTON DE AGREGAR ORDEN DE ENTRADA should be an element that is visible, Jhon clicks on BOTON DE AGREGAR ORDEN DE ENTRADA, Jhon clicks on Campo de bodega Destino, Jhon seleccion bodega [Jhon clicks on Bodega 2], Jhon clicks on Tipo de documento, Jhon clicks on Documento, Jhon clicks on Tipo de proveedor, Jhon clicks on proveedor, Jhon clicks on DirecciÃ³n entrega, Jhon enters 'Cll QA n Test' into DirecciÃ³n entrega, Jhon enters '21/12/2023' into Fecha entrega, Jhon enters 'Comercial' into CondiciÃ³n comercial, Jhon enters 'Doc' into Doc. relacionado, Jhon enters 'Observacion' into Doc. ObservaciÃ³n, Jhon clicks on Doc. Guardar orden de compra, Jhon agregardetalles [Jhon enters 'FEFO' into Desc. Ã­tem, Jhon clicks on Lista Desc. Ã­tem], Jhon clicks on DivisiÃ³n Destino, Jhon enters 'Almacenamiento' into DivisiÃ³n Destino, Jhon clicks on DivisiÃ³n Destino, Jhon enters '2' into Cantidad Solicitada, Jhon clicks on Agregar Productos al detalle, Jhon clicks on Cambiar la etapa de la orden de entrada, Jhon clicks on Lista de Cambiar la etapa de la orden de entrada, Jhon clicks on Finalizar la orden de entrada, Jhon clicks on Cerrar ventana despues de finalizar la orden]]
[Test worker] WARN net.thucydides.core.steps.BaseStepListener - stepFinished: current outcome:verificar el ingreso correcto a la plataforma y realizar la orden de entrada:Dado que jhon ingresa a la pagina smartstock [Jhon abrir pagina [Jhon opens the Login pagina, Jhon login [Jhon enters 'Administrador' into Ingresar Usuario, Jhon enters 'Demo123*' into Ingresar Password, Jhon clicks on Click Login]]], Cuando realiza la orden de entrada [Jhon orden entrada [Jhon clicks on Boton de ordenes, Jhon clicks on Boton orden de entrada, Then BOTON DE AGREGAR ORDEN DE ENTRADA should be an element that is visible, Jhon clicks on BOTON DE AGREGAR ORDEN DE ENTRADA, Jhon clicks on Campo de bodega Destino, Jhon seleccion bodega [Jhon clicks on Bodega 2], Jhon clicks on Tipo de documento, Jhon clicks on Documento, Jhon clicks on Tipo de proveedor, Jhon clicks on proveedor, Jhon clicks on DirecciÃ³n entrega, Jhon enters 'Cll QA n Test' into DirecciÃ³n entrega, Jhon enters '21/12/2023' into Fecha entrega, Jhon enters 'Comercial' into CondiciÃ³n comercial, Jhon enters 'Doc' into Doc. relacionado, Jhon enters 'Observacion' into Doc. ObservaciÃ³n, Jhon clicks on Doc. Guardar orden de compra, Jhon agregardetalles [Jhon enters 'FEFO' into Desc. Ã­tem, Jhon clicks on Lista Desc. Ã­tem], Jhon clicks on DivisiÃ³n Destino, Jhon enters 'Almacenamiento' into DivisiÃ³n Destino, Jhon clicks on DivisiÃ³n Destino, Jhon enters '2' into Cantidad Solicitada, Jhon clicks on Agregar Productos al detalle, Jhon clicks on Cambiar la etapa de la orden de entrada, Jhon clicks on Lista de Cambiar la etapa de la orden de entrada, Jhon clicks on Finalizar la orden de entrada, Jhon clicks on Cerrar ventana despues de finalizar la orden]]
[Test worker] WARN net.thucydides.core.steps.BaseStepListener - stepStarted: net.thucydides.core.steps.ExecutedStepDescription@21002393
[Test worker] WARN net.thucydides.core.steps.BaseStepListener - stepFinished: current outcome:verificar el ingreso correcto a la plataforma y realizar la orden de entrada:Dado que jhon ingresa a la pagina smartstock [Jhon abrir pagina [Jhon opens the Login pagina, Jhon login [Jhon enters 'Administrador' into Ingresar Usuario, Jhon enters 'Demo123*' into Ingresar Password, Jhon clicks on Click Login]]], Cuando realiza la orden de entrada [Jhon orden entrada [Jhon clicks on Boton de ordenes, Jhon clicks on Boton orden de entrada, Then BOTON DE AGREGAR ORDEN DE ENTRADA should be an element that is visible, Jhon clicks on BOTON DE AGREGAR ORDEN DE ENTRADA, Jhon clicks on Campo de bodega Destino, Jhon seleccion bodega [Jhon clicks on Bodega 2], Jhon clicks on Tipo de documento, Jhon clicks on Documento, Jhon clicks on Tipo de proveedor, Jhon clicks on proveedor, Jhon clicks on DirecciÃ³n entrega, Jhon enters 'Cll QA n Test' into DirecciÃ³n entrega, Jhon enters '21/12/2023' into Fecha entrega, Jhon enters 'Comercial' into CondiciÃ³n comercial, Jhon enters 'Doc' into Doc. relacionado, Jhon enters 'Observacion' into Doc. ObservaciÃ³n, Jhon clicks on Doc. Guardar orden de compra, Jhon agregardetalles [Jhon enters 'FEFO' into Desc. Ã­tem, Jhon clicks on Lista Desc. Ã­tem], Jhon clicks on DivisiÃ³n Destino, Jhon enters 'Almacenamiento' into DivisiÃ³n Destino, Jhon clicks on DivisiÃ³n Destino, Jhon enters '2' into Cantidad Solicitada, Jhon clicks on Agregar Productos al detalle, Jhon clicks on Cambiar la etapa de la orden de entrada, Jhon clicks on Lista de Cambiar la etapa de la orden de entrada, Jhon clicks on Finalizar la orden de entrada, Jhon clicks on Cerrar ventana despues de finalizar la orden]], Entonces verifica que se creo correctamente
[Test worker] WARN net.thucydides.core.steps.BaseStepListener - testFinished: verificar el ingreso correcto a la plataforma y realizar la orden de entrada:Dado que jhon ingresa a la pagina smartstock [Jhon abrir pagina [Jhon opens the Login pagina, Jhon login [Jhon enters 'Administrador' into Ingresar Usuario, Jhon enters 'Demo123*' into Ingresar Password, Jhon clicks on Click Login]]], Cuando realiza la orden de entrada [Jhon orden entrada [Jhon clicks on Boton de ordenes, Jhon clicks on Boton orden de entrada, Then BOTON DE AGREGAR ORDEN DE ENTRADA should be an element that is visible, Jhon clicks on BOTON DE AGREGAR ORDEN DE ENTRADA, Jhon clicks on Campo de bodega Destino, Jhon seleccion bodega [Jhon clicks on Bodega 2], Jhon clicks on Tipo de documento, Jhon clicks on Documento, Jhon clicks on Tipo de proveedor, Jhon clicks on proveedor, Jhon clicks on DirecciÃ³n entrega, Jhon enters 'Cll QA n Test' into DirecciÃ³n entrega, Jhon enters '21/12/2023' into Fecha entrega, Jhon enters 'Comercial' into CondiciÃ³n comercial, Jhon enters 'Doc' into Doc. relacionado, Jhon enters 'Observacion' into Doc. ObservaciÃ³n, Jhon clicks on Doc. Guardar orden de compra, Jhon agregardetalles [Jhon enters 'FEFO' into Desc. Ã­tem, Jhon clicks on Lista Desc. Ã­tem], Jhon clicks on DivisiÃ³n Destino, Jhon enters 'Almacenamiento' into DivisiÃ³n Destino, Jhon clicks on DivisiÃ³n Destino, Jhon enters '2' into Cantidad Solicitada, Jhon clicks on Agregar Productos al detalle, Jhon clicks on Cambiar la etapa de la orden de entrada, Jhon clicks on Lista de Cambiar la etapa de la orden de entrada, Jhon clicks on Finalizar la orden de entrada, Jhon clicks on Cerrar ventana despues de finalizar la orden]], Entonces verifica que se creo correctamente
[Test worker] WARN net.thucydides.core.steps.BaseStepListener - TestOutcomes: [verificar el ingreso correcto a la plataforma y realizar la orden de entrada:Dado que jhon ingresa a la pagina smartstock [Jhon abrir pagina [Jhon opens the Login pagina, Jhon login [Jhon enters 'Administrador' into Ingresar Usuario, Jhon enters 'Demo123*' into Ingresar Password, Jhon clicks on Click Login]]], Cuando realiza la orden de entrada [Jhon orden entrada [Jhon clicks on Boton de ordenes, Jhon clicks on Boton orden de entrada, Then BOTON DE AGREGAR ORDEN DE ENTRADA should be an element that is visible, Jhon clicks on BOTON DE AGREGAR ORDEN DE ENTRADA, Jhon clicks on Campo de bodega Destino, Jhon seleccion bodega [Jhon clicks on Bodega 2], Jhon clicks on Tipo de documento, Jhon clicks on Documento, Jhon clicks on Tipo de proveedor, Jhon clicks on proveedor, Jhon clicks on DirecciÃ³n entrega, Jhon enters 'Cll QA n Test' into DirecciÃ³n entrega, Jhon enters '21/12/2023' into Fecha entrega, Jhon enters 'Comercial' into CondiciÃ³n comercial, Jhon enters 'Doc' into Doc. relacionado, Jhon enters 'Observacion' into Doc. ObservaciÃ³n, Jhon clicks on Doc. Guardar orden de compra, Jhon agregardetalles [Jhon enters 'FEFO' into Desc. Ã­tem, Jhon clicks on Lista Desc. Ã­tem], Jhon clicks on DivisiÃ³n Destino, Jhon enters 'Almacenamiento' into DivisiÃ³n Destino, Jhon clicks on DivisiÃ³n Destino, Jhon enters '2' into Cantidad Solicitada, Jhon clicks on Agregar Productos al detalle, Jhon clicks on Cambiar la etapa de la orden de entrada, Jhon clicks on Lista de Cambiar la etapa de la orden de entrada, Jhon clicks on Finalizar la orden de entrada, Jhon clicks on Cerrar ventana despues de finalizar la orden]], Entonces verifica que se creo correctamente]
[Test worker] WARN net.thucydides.core.steps.BaseStepListener - Final testOutcomes: [verificar el ingreso correcto a la plataforma y realizar la orden de entrada:Dado que jhon ingresa a la pagina smartstock [Jhon abrir pagina [Jhon opens the Login pagina, Jhon login [Jhon enters 'Administrador' into Ingresar Usuario, Jhon enters 'Demo123*' into Ingresar Password, Jhon clicks on Click Login]]], Cuando realiza la orden de entrada [Jhon orden entrada [Jhon clicks on Boton de ordenes, Jhon clicks on Boton orden de entrada, Then BOTON DE AGREGAR ORDEN DE ENTRADA should be an element that is visible, Jhon clicks on BOTON DE AGREGAR ORDEN DE ENTRADA, Jhon clicks on Campo de bodega Destino, Jhon seleccion bodega [Jhon clicks on Bodega 2], Jhon clicks on Tipo de documento, Jhon clicks on Documento, Jhon clicks on Tipo de proveedor, Jhon clicks on proveedor, Jhon clicks on DirecciÃ³n entrega, Jhon enters 'Cll QA n Test' into DirecciÃ³n entrega, Jhon enters '21/12/2023' into Fecha entrega, Jhon enters 'Comercial' into CondiciÃ³n comercial, Jhon enters 'Doc' into Doc. relacionado, Jhon enters 'Observacion' into Doc. ObservaciÃ³n, Jhon clicks on Doc. Guardar orden de compra, Jhon agregardetalles [Jhon enters 'FEFO' into Desc. Ã­tem, Jhon clicks on Lista Desc. Ã­tem], Jhon clicks on DivisiÃ³n Destino, Jhon enters 'Almacenamiento' into DivisiÃ³n Destino, Jhon clicks on DivisiÃ³n Destino, Jhon enters '2' into Cantidad Solicitada, Jhon clicks on Agregar Productos al detalle, Jhon clicks on Cambiar la etapa de la orden de entrada, Jhon clicks on Lista de Cambiar la etapa de la orden de entrada, Jhon clicks on Finalizar la orden de entrada, Jhon clicks on Cerrar ventana despues de finalizar la orden]], Entonces verifica que se creo correctamente]
[Test worker] INFO net.thucydides.core.steps.ConsoleLoggingListener - 
        __    _____ _____ ____ _____   ____   _    ____  ____  _____ ____  
  _     \ \  |_   _| ____/ ___|_   _| |  _ \ / \  / ___|/ ___|| ____|  _ \ 
 (_)_____| |   | | |  _| \___ \ | |   | |_) / _ \ \___ \\___ \|  _| | | | |
  _|_____| |   | | | |___ ___) || |   |  __/ ___ \ ___) |___) | |___| |_| |
 (_)     | |   |_| |_____|____/ |_|   |_| /_/   \_\____/|____/|_____|____/ 
        /_/                                                                

TEST PASSED: verificar el ingreso correcto a la plataforma y realizar la orden de entrada
----------------------------------------------------------------------------
]]></system-err>
</testsuite>
